TN:
SF:src/app/api/careers/[slug]/local/route.ts
FN:102,loadLocalIndex
FN:118,loadCareers
FN:137,getWageDescription
FN:150,getConcentrationDescription
FN:159,GET
FN:198,(anonymous_14)
FNF:6
FNH:6
FNDA:14,loadLocalIndex
FNDA:14,loadCareers
FNDA:8,getWageDescription
FNDA:8,getConcentrationDescription
FNDA:15,GET
FNDA:60,(anonymous_14)
DA:9,1
DA:10,1
DA:11,1
DA:99,1
DA:100,1
DA:103,14
DA:105,1
DA:106,1
DA:107,1
DA:108,0
DA:110,1
DA:111,1
DA:113,0
DA:114,0
DA:119,14
DA:121,1
DA:122,1
DA:123,1
DA:124,0
DA:126,1
DA:127,1
DA:129,0
DA:130,0
DA:138,8
DA:139,0
DA:140,0
DA:141,0
DA:142,0
DA:143,0
DA:144,0
DA:151,8
DA:152,2
DA:153,2
DA:154,1
DA:155,0
DA:156,0
DA:159,1
DA:163,15
DA:164,15
DA:165,15
DA:166,15
DA:168,15
DA:169,1
DA:181,14
DA:182,14
DA:184,14
DA:185,0
DA:198,60
DA:199,14
DA:200,3
DA:216,11
DA:217,8
DA:218,8
DA:219,3
DA:220,1
DA:221,1
DA:223,2
DA:236,9
DA:237,9
DA:238,1
DA:251,8
DA:252,8
DA:255,8
DA:259,8
DA:284,0
DA:285,0
LF:66
LH:49
BRDA:103,0,0,13
BRDA:103,0,1,1
BRDA:107,1,0,0
BRDA:107,1,1,1
BRDA:119,2,0,13
BRDA:119,2,1,1
BRDA:123,3,0,0
BRDA:123,3,1,1
BRDA:138,4,0,8
BRDA:138,4,1,0
BRDA:139,5,0,0
BRDA:139,5,1,0
BRDA:140,6,0,0
BRDA:140,6,1,0
BRDA:141,7,0,0
BRDA:141,7,1,0
BRDA:142,8,0,0
BRDA:142,8,1,0
BRDA:143,9,0,0
BRDA:143,9,1,0
BRDA:151,10,0,6
BRDA:151,10,1,2
BRDA:152,11,0,0
BRDA:152,11,1,2
BRDA:153,12,0,1
BRDA:153,12,1,1
BRDA:154,13,0,1
BRDA:154,13,1,0
BRDA:155,14,0,0
BRDA:155,14,1,0
BRDA:166,15,0,15
BRDA:166,15,1,1
BRDA:168,16,0,1
BRDA:168,16,1,14
BRDA:184,17,0,0
BRDA:184,17,1,14
BRDA:184,18,0,14
BRDA:184,18,1,14
BRDA:199,19,0,3
BRDA:199,19,1,11
BRDA:216,20,0,8
BRDA:216,20,1,3
BRDA:219,21,0,1
BRDA:219,21,1,2
BRDA:236,22,0,0
BRDA:236,22,1,9
BRDA:236,23,0,9
BRDA:236,23,1,9
BRDA:237,24,0,1
BRDA:237,24,1,8
BRDA:251,25,0,8
BRDA:251,25,1,0
BRDA:251,26,0,0
BRDA:251,26,1,0
BRDA:251,27,0,0
BRDA:251,27,1,0
BRDA:251,28,0,0
BRDA:251,28,1,0
BRDA:251,29,0,0
BRDA:251,29,1,0
BRDA:251,30,0,0
BRDA:251,30,1,0
BRDA:252,31,0,8
BRDA:252,31,1,0
BRDA:252,31,2,0
BRDA:252,32,0,0
BRDA:252,32,1,0
BRDA:252,33,0,0
BRDA:252,33,1,0
BRDA:252,34,0,0
BRDA:252,34,1,0
BRDA:252,35,0,0
BRDA:252,35,1,0
BRDA:255,36,0,8
BRDA:255,36,1,0
BRF:75
BRH:34
end_of_record
TN:
SF:src/app/api/compass/analyze/route.ts
FN:39,POST
FNF:1
FNH:0
FNDA:0,POST
DA:9,0
DA:10,0
DA:11,0
DA:14,0
DA:39,0
DA:40,0
DA:42,0
DA:45,0
DA:46,0
DA:48,0
DA:61,0
DA:62,0
DA:63,0
DA:64,0
DA:77,0
DA:80,0
DA:81,0
DA:82,0
DA:94,0
DA:97,0
DA:99,0
DA:101,0
DA:102,0
DA:103,0
DA:104,0
DA:106,0
DA:112,0
DA:115,0
DA:116,0
DA:117,0
DA:129,0
DA:130,0
DA:142,0
DA:154,0
LF:34
LH:0
BRDA:62,0,0,0
BRDA:62,0,1,0
BRDA:81,1,0,0
BRDA:81,1,1,0
BRDA:115,2,0,0
BRDA:115,2,1,0
BRDA:116,3,0,0
BRDA:116,3,1,0
BRDA:129,4,0,0
BRDA:129,4,1,0
BRDA:129,5,0,0
BRDA:129,5,1,0
BRF:12
BRH:0
end_of_record
TN:
SF:src/app/api/compass/parse-file/route.ts
FN:18,isSupportedType
FN:22,parsePDF
FN:30,parseDocx
FN:31,(anonymous_12)
FN:36,parseMarkdown
FN:65,parsePlainText
FN:69,POST
FNF:7
FNH:0
FNDA:0,isSupportedType
FNDA:0,parsePDF
FNDA:0,parseDocx
FNDA:0,(anonymous_12)
FNDA:0,parseMarkdown
FNDA:0,parsePlainText
FNDA:0,POST
DA:1,0
DA:4,0
DA:7,0
DA:19,0
DA:25,0
DA:26,0
DA:27,0
DA:31,0
DA:32,0
DA:33,0
DA:38,0
DA:66,0
DA:69,0
DA:70,0
DA:71,0
DA:72,0
DA:74,0
DA:75,0
DA:82,0
DA:83,0
DA:95,0
DA:98,0
DA:99,0
DA:100,0
DA:101,0
DA:102,0
DA:103,0
DA:104,0
DA:107,0
DA:108,0
DA:119,0
DA:123,0
DA:124,0
DA:125,0
DA:127,0
DA:129,0
DA:130,0
DA:133,0
DA:134,0
DA:136,0
DA:137,0
DA:139,0
DA:140,0
DA:142,0
DA:145,0
DA:146,0
DA:158,0
DA:159,0
DA:170,0
DA:172,0
DA:183,0
DA:184,0
LF:52
LH:0
BRDA:74,0,0,0
BRDA:74,0,1,0
BRDA:82,1,0,0
BRDA:82,1,1,0
BRDA:98,2,0,0
BRDA:98,2,1,0
BRDA:99,3,0,0
BRDA:99,3,1,0
BRDA:99,4,0,0
BRDA:99,4,1,0
BRDA:100,5,0,0
BRDA:100,5,1,0
BRDA:101,6,0,0
BRDA:101,6,1,0
BRDA:102,7,0,0
BRDA:102,7,1,0
BRDA:103,8,0,0
BRDA:103,8,1,0
BRDA:104,9,0,0
BRDA:104,9,1,0
BRDA:107,10,0,0
BRDA:107,10,1,0
BRDA:127,11,0,0
BRDA:127,11,1,0
BRDA:127,11,2,0
BRDA:127,11,3,0
BRDA:127,11,4,0
BRDA:127,11,5,0
BRDA:158,12,0,0
BRDA:158,12,1,0
BRDA:158,13,0,0
BRDA:158,13,1,0
BRF:32
BRH:0
end_of_record
TN:
SF:src/app/api/compass/recommend/route.ts
FN:90,POST
FNF:1
FNH:0
FNDA:0,POST
DA:10,0
DA:11,0
DA:12,0
DA:16,0
DA:26,0
DA:37,0
DA:51,0
DA:54,0
DA:56,0
DA:90,0
DA:91,0
DA:93,0
DA:96,0
DA:97,0
DA:99,0
DA:112,0
DA:113,0
DA:114,0
DA:115,0
DA:128,0
DA:132,0
DA:133,0
DA:135,0
DA:136,0
DA:150,0
DA:151,0
DA:153,0
DA:154,0
DA:155,0
DA:156,0
DA:157,0
DA:158,0
DA:159,0
DA:162,0
DA:188,0
DA:195,0
DA:196,0
DA:208,0
DA:209,0
DA:210,0
DA:212,0
DA:218,0
DA:221,0
DA:222,0
DA:223,0
DA:235,0
DA:236,0
DA:248,0
DA:249,0
DA:261,0
DA:273,0
LF:51
LH:0
BRDA:113,0,0,0
BRDA:113,0,1,0
BRDA:132,1,0,0
BRDA:132,1,1,0
BRDA:133,2,0,0
BRDA:133,2,1,0
BRDA:135,3,0,0
BRDA:135,3,1,0
BRDA:135,4,0,0
BRDA:135,4,1,0
BRDA:150,5,0,0
BRDA:150,5,1,0
BRDA:150,6,0,0
BRDA:150,6,1,0
BRDA:150,7,0,0
BRDA:150,7,1,0
BRDA:150,8,0,0
BRDA:150,8,1,0
BRDA:151,9,0,0
BRDA:151,9,1,0
BRDA:151,9,2,0
BRDA:151,10,0,0
BRDA:151,10,1,0
BRDA:151,11,0,0
BRDA:151,11,1,0
BRDA:154,12,0,0
BRDA:154,12,1,0
BRDA:154,13,0,0
BRDA:154,13,1,0
BRDA:154,14,0,0
BRDA:154,14,1,0
BRDA:154,15,0,0
BRDA:154,15,1,0
BRDA:189,16,0,0
BRDA:189,16,1,0
BRDA:189,17,0,0
BRDA:189,17,1,0
BRDA:189,18,0,0
BRDA:189,18,1,0
BRDA:189,19,0,0
BRDA:189,19,1,0
BRDA:195,20,0,0
BRDA:195,20,1,0
BRDA:221,21,0,0
BRDA:221,21,1,0
BRDA:222,22,0,0
BRDA:222,22,1,0
BRDA:235,23,0,0
BRDA:235,23,1,0
BRDA:235,24,0,0
BRDA:235,24,1,0
BRDA:248,25,0,0
BRDA:248,25,1,0
BRF:53
BRH:0
end_of_record
TN:
SF:src/app/api/contribute/route.ts
FN:13,POST
FNF:1
FNH:0
FNDA:0,POST
DA:1,0
DA:2,0
DA:4,0
DA:13,0
DA:14,0
DA:15,0
DA:16,0
DA:19,0
DA:31,0
DA:33,0
DA:34,0
DA:40,0
DA:41,0
LF:13
LH:0
BRDA:33,0,0,0
BRDA:33,0,1,0
BRF:2
BRH:0
end_of_record
TN:
SF:src/app/api/local-jobs/route.ts
FN:103,loadLocalIndex
FN:120,loadCareers
FN:140,buildJobEntry
FN:146,(anonymous_12)
FN:169,GET
FN:235,(anonymous_14)
FN:238,(anonymous_15)
FN:244,(anonymous_16)
FNF:8
FNH:8
FNDA:16,loadLocalIndex
FNDA:16,loadCareers
FNDA:90,buildJobEntry
FNDA:369,(anonymous_12)
FNDA:18,GET
FNDA:39,(anonymous_14)
FNDA:90,(anonymous_15)
FNDA:90,(anonymous_16)
DA:9,1
DA:10,1
DA:11,1
DA:100,1
DA:101,1
DA:104,16
DA:106,1
DA:107,1
DA:108,1
DA:109,0
DA:110,0
DA:112,1
DA:113,1
DA:115,0
DA:116,0
DA:121,16
DA:123,1
DA:124,1
DA:125,1
DA:126,0
DA:127,0
DA:129,1
DA:130,1
DA:132,0
DA:133,0
DA:146,369
DA:147,90
DA:149,90
DA:160,90
DA:161,90
DA:166,90
DA:169,1
DA:170,18
DA:171,18
DA:172,18
DA:173,18
DA:175,18
DA:176,2
DA:188,16
DA:189,16
DA:191,16
DA:192,0
DA:208,16
DA:209,12
DA:210,12
DA:211,4
DA:212,1
DA:213,1
DA:215,3
DA:228,13
DA:235,13
DA:236,39
DA:239,90
DA:240,90
DA:242,90
DA:244,90
DA:247,13
DA:259,0
DA:260,0
LF:59
LH:48
BRDA:104,0,0,15
BRDA:104,0,1,1
BRDA:108,1,0,0
BRDA:108,1,1,1
BRDA:121,2,0,15
BRDA:121,2,1,1
BRDA:125,3,0,0
BRDA:125,3,1,1
BRDA:147,4,0,0
BRDA:147,4,1,90
BRDA:160,5,0,90
BRDA:160,5,1,0
BRDA:160,6,0,90
BRDA:160,6,1,90
BRDA:172,7,0,18
BRDA:172,7,1,2
BRDA:173,8,0,18
BRDA:173,8,1,13
BRDA:175,9,0,2
BRDA:175,9,1,16
BRDA:191,10,0,0
BRDA:191,10,1,16
BRDA:191,11,0,16
BRDA:191,11,1,16
BRDA:208,12,0,12
BRDA:208,12,1,4
BRDA:211,13,0,1
BRDA:211,13,1,3
BRDA:228,14,0,13
BRDA:228,14,1,0
BRDA:239,15,0,0
BRDA:239,15,1,90
BRDA:239,16,0,90
BRDA:239,16,1,90
BRDA:240,17,0,0
BRDA:240,17,1,90
BRF:36
BRH:28
end_of_record
TN:
SF:src/app/api/location/detect/route.ts
FN:68,loadGeocodingData
FN:88,calculateDistance
FN:102,findNearestMSA
FN:130,findStateFromCoords
FN:152,GET
FNF:5
FNH:5
FNDA:12,loadGeocodingData
FNDA:102,calculateDistance
FNDA:7,findNearestMSA
FNDA:2,findStateFromCoords
FNDA:13,GET
DA:10,1
DA:11,1
DA:12,1
DA:66,1
DA:69,12
DA:71,1
DA:72,1
DA:73,1
DA:74,0
DA:75,0
DA:77,1
DA:78,1
DA:80,0
DA:81,0
DA:89,102
DA:90,102
DA:91,102
DA:92,102
DA:95,102
DA:96,102
DA:107,7
DA:108,7
DA:110,7
DA:111,70
DA:112,70
DA:113,70
DA:114,26
DA:115,26
DA:120,7
DA:121,5
DA:124,2
DA:136,2
DA:137,2
DA:139,2
DA:140,32
DA:141,32
DA:142,32
DA:143,4
DA:144,4
DA:149,2
DA:152,1
DA:153,13
DA:155,13
DA:156,13
DA:157,13
DA:158,13
DA:159,13
DA:161,13
DA:164,13
DA:165,1
DA:175,12
DA:176,12
DA:177,0
DA:187,12
DA:188,8
DA:189,8
DA:191,8
DA:192,7
DA:194,7
DA:195,5
DA:196,5
DA:211,2
DA:212,2
DA:213,2
DA:230,5
DA:231,4
DA:246,1
DA:254,0
DA:255,0
LF:69
LH:62
BRDA:69,0,0,11
BRDA:69,0,1,1
BRDA:73,1,0,0
BRDA:73,1,1,1
BRDA:111,2,0,70
BRDA:111,2,1,0
BRDA:111,3,0,70
BRDA:111,3,1,70
BRDA:113,4,0,26
BRDA:113,4,1,44
BRDA:120,5,0,5
BRDA:120,5,1,2
BRDA:120,6,0,7
BRDA:120,6,1,7
BRDA:140,7,0,32
BRDA:140,7,1,0
BRDA:140,8,0,32
BRDA:140,8,1,32
BRDA:142,9,0,4
BRDA:142,9,1,28
BRDA:164,10,0,1
BRDA:164,10,1,12
BRDA:164,11,0,13
BRDA:164,11,1,12
BRDA:176,12,0,0
BRDA:176,12,1,12
BRDA:187,13,0,8
BRDA:187,13,1,4
BRDA:187,14,0,12
BRDA:187,14,1,8
BRDA:191,15,0,7
BRDA:191,15,1,1
BRDA:191,16,0,8
BRDA:191,16,1,7
BRDA:194,17,0,5
BRDA:194,17,1,2
BRDA:204,18,0,5
BRDA:204,18,1,0
BRDA:204,18,2,0
BRDA:211,19,0,2
BRDA:211,19,1,0
BRDA:212,20,0,2
BRDA:212,20,1,0
BRDA:212,21,0,2
BRDA:212,21,1,2
BRDA:230,22,0,4
BRDA:230,22,1,1
BRDA:230,23,0,5
BRDA:230,23,1,4
BRF:49
BRH:41
end_of_record
TN:
SF:src/app/api/location/search/route.ts
FN:58,loadGeocodingData
FN:78,searchLocations
FN:144,(anonymous_11)
FN:204,GET
FNF:4
FNH:4
FNDA:17,loadGeocodingData
FNDA:17,searchLocations
FNDA:18,(anonymous_11)
FNDA:20,GET
DA:9,1
DA:10,1
DA:11,1
DA:56,1
DA:59,17
DA:61,1
DA:62,1
DA:63,1
DA:64,0
DA:65,0
DA:67,1
DA:68,1
DA:70,0
DA:71,0
DA:79,17
DA:80,17
DA:81,17
DA:84,17
DA:85,3
DA:86,3
DA:87,2
DA:88,2
DA:95,2
DA:100,17
DA:103,17
DA:104,170
DA:106,168
DA:107,168
DA:108,9
DA:115,9
DA:120,17
DA:121,17
DA:123,17
DA:124,24
DA:127,23
DA:128,23
DA:129,24
DA:133,23
DA:134,690
DA:135,11
DA:136,29
DA:143,17
DA:144,18
DA:147,17
DA:148,28
DA:150,19
DA:151,19
DA:152,11
DA:159,11
DA:165,17
DA:166,170
DA:168,148
DA:169,148
DA:170,7
DA:177,7
DA:182,17
DA:183,272
DA:185,272
DA:186,272
DA:188,272
DA:189,3
DA:196,3
DA:201,17
DA:204,1
DA:205,20
DA:206,20
DA:207,20
DA:209,20
DA:210,3
DA:217,17
DA:218,17
DA:219,0
DA:231,17
DA:233,17
DA:239,0
DA:240,0
LF:76
LH:69
BRDA:59,0,0,16
BRDA:59,0,1,1
BRDA:63,1,0,0
BRDA:63,1,1,1
BRDA:84,2,0,3
BRDA:84,2,1,14
BRDA:86,3,0,2
BRDA:86,3,1,1
BRDA:86,4,0,3
BRDA:86,4,1,2
BRDA:104,5,0,2
BRDA:104,5,1,168
BRDA:107,6,0,9
BRDA:107,6,1,159
BRDA:120,7,0,17
BRDA:120,7,1,0
BRDA:120,8,0,17
BRDA:120,8,1,17
BRDA:124,9,0,1
BRDA:124,9,1,23
BRDA:127,10,0,23
BRDA:127,10,1,14
BRDA:129,11,0,24
BRDA:129,11,1,23
BRDA:134,12,0,11
BRDA:134,12,1,679
BRDA:134,13,0,690
BRDA:134,13,1,680
BRDA:136,14,0,29
BRDA:136,14,1,5
BRDA:148,15,0,9
BRDA:148,15,1,19
BRDA:151,16,0,11
BRDA:151,16,1,8
BRDA:166,17,0,22
BRDA:166,17,1,148
BRDA:169,18,0,7
BRDA:169,18,1,141
BRDA:183,19,0,0
BRDA:183,19,1,272
BRDA:188,20,0,3
BRDA:188,20,1,269
BRDA:188,21,0,272
BRDA:188,21,1,270
BRDA:207,22,0,20
BRDA:207,22,1,2
BRDA:209,23,0,3
BRDA:209,23,1,17
BRDA:209,24,0,20
BRDA:209,24,1,18
BRDA:218,25,0,0
BRDA:218,25,1,17
BRF:52
BRH:48
end_of_record
TN:
SF:src/app/api/request/route.ts
FN:11,POST
FNF:1
FNH:0
FNDA:0,POST
DA:1,0
DA:2,0
DA:4,0
DA:11,0
DA:12,0
DA:13,0
DA:14,0
DA:17,0
DA:27,0
DA:29,0
DA:30,0
DA:36,0
DA:37,0
LF:13
LH:0
BRDA:29,0,0,0
BRDA:29,0,1,0
BRF:2
BRH:0
end_of_record
TN:
SF:src/app/api/subscribe/route.ts
FN:9,POST
FNF:1
FNH:0
FNDA:0,POST
DA:1,0
DA:2,0
DA:4,0
DA:9,0
DA:10,0
DA:11,0
DA:12,0
DA:15,0
DA:31,0
DA:33,0
DA:34,0
DA:40,0
DA:41,0
LF:13
LH:0
BRDA:33,0,0,0
BRDA:33,0,1,0
BRF:2
BRH:0
end_of_record
TN:
SF:src/components/AIAssessmentDetail.tsx
FN:26,ChevronDown
FN:34,ChevronUp
FN:42,InfoIcon
FN:72,LevelBadge
FN:84,PointsBar
FN:98,EPOCHBar
FN:119,ExpandableSection
FN:135,(anonymous_8)
FN:153,AIAssessmentDetail
FN:402,AIAssessmentCompact
FNF:10
FNH:0
FNDA:0,ChevronDown
FNDA:0,ChevronUp
FNDA:0,InfoIcon
FNDA:0,LevelBadge
FNDA:0,PointsBar
FNDA:0,EPOCHBar
FNDA:0,ExpandableSection
FNDA:0,(anonymous_8)
FNDA:0,AIAssessmentDetail
FNDA:0,AIAssessmentCompact
DA:20,0
DA:21,0
DA:22,0
DA:27,0
DA:35,0
DA:43,0
DA:57,0
DA:73,0
DA:74,0
DA:85,0
DA:86,0
DA:88,0
DA:99,0
DA:100,0
DA:102,0
DA:130,0
DA:132,0
DA:135,0
DA:153,0
DA:154,0
DA:164,0
DA:171,0
DA:179,0
DA:181,0
DA:402,0
DA:403,0
DA:405,0
LF:27
LH:0
BRDA:73,0,0,0
BRDA:73,0,1,0
BRDA:84,1,0,0
BRDA:86,2,0,0
BRDA:86,2,1,0
BRDA:86,3,0,0
BRDA:86,3,1,0
BRDA:100,4,0,0
BRDA:100,4,1,0
BRDA:100,5,0,0
BRDA:100,5,1,0
BRDA:123,6,0,0
BRDA:139,7,0,0
BRDA:139,7,1,0
BRDA:142,8,0,0
BRDA:142,8,1,0
BRDA:144,9,0,0
BRDA:144,9,1,0
BRDA:153,10,0,0
BRDA:171,11,0,0
BRDA:171,11,1,0
BRDA:179,12,0,0
BRDA:179,12,1,0
BRDA:179,13,0,0
BRDA:179,13,1,0
BRDA:179,14,0,0
BRDA:179,14,1,0
BRDA:204,15,0,0
BRDA:204,15,1,0
BRDA:204,16,0,0
BRDA:204,16,1,0
BRDA:204,17,0,0
BRDA:204,17,1,0
BRDA:223,18,0,0
BRDA:223,18,1,0
BRDA:251,19,0,0
BRDA:251,19,1,0
BRDA:252,20,0,0
BRDA:252,20,1,0
BRDA:253,21,0,0
BRDA:253,21,1,0
BRDA:267,22,0,0
BRDA:267,22,1,0
BRDA:289,23,0,0
BRDA:289,23,1,0
BRDA:289,24,0,0
BRDA:289,24,1,0
BRDA:289,25,0,0
BRDA:289,25,1,0
BRDA:305,26,0,0
BRDA:305,26,1,0
BRDA:403,27,0,0
BRDA:403,27,1,0
BRDA:411,28,0,0
BRDA:411,28,1,0
BRDA:411,29,0,0
BRDA:411,29,1,0
BRDA:411,30,0,0
BRDA:411,30,1,0
BRDA:415,31,0,0
BRDA:415,31,1,0
BRF:61
BRH:0
end_of_record
TN:
SF:src/components/AIResilienceBadge.tsx
FN:26,AIResilienceBadge
FN:56,AIResilienceBadgeCompact
FN:77,AIResilienceBadgeWithTier
FNF:3
FNH:0
FNDA:0,AIResilienceBadge
FNDA:0,AIResilienceBadgeCompact
FNDA:0,AIResilienceBadgeWithTier
DA:12,0
DA:26,0
DA:32,0
DA:33,0
DA:34,0
DA:36,0
DA:42,0
DA:56,0
DA:61,0
DA:62,0
DA:64,0
DA:77,0
DA:84,0
DA:85,0
DA:87,0
LF:15
LH:0
BRDA:28,0,0,0
BRDA:29,1,0,0
BRDA:30,2,0,0
BRDA:45,3,0,0
BRDA:45,3,1,0
BRDA:47,4,0,0
BRDA:47,4,1,0
BRF:7
BRH:0
end_of_record
TN:
SF:src/components/Analytics.tsx
FN:9,Analytics
FNF:1
FNH:0
FNDA:0,Analytics
DA:3,0
DA:9,0
DA:10,0
DA:11,0
DA:13,0
LF:5
LH:0
BRDA:16,0,0,0
BRDA:16,0,1,0
BRDA:26,1,0,0
BRDA:26,1,1,0
BRF:4
BRH:0
end_of_record
TN:
SF:src/components/CareerCompassWizard.tsx
FN:8,fetchWithTimeout
FN:14,(anonymous_1)
FN:99,CareerCompassWizard
FN:130,(anonymous_3)
FN:136,(anonymous_4)
FN:150,(anonymous_5)
FN:157,(anonymous_6)
FN:159,(anonymous_7)
FN:166,(anonymous_8)
FN:172,(anonymous_9)
FN:174,(anonymous_10)
FN:186,(anonymous_11)
FN:220,(anonymous_12)
FN:225,(anonymous_13)
FN:232,(anonymous_14)
FN:271,(anonymous_15)
FN:271,(anonymous_16)
FN:275,(anonymous_17)
FN:275,(anonymous_18)
FN:347,(anonymous_19)
FN:355,(anonymous_20)
FN:367,(anonymous_21)
FN:389,(anonymous_22)
FN:392,(anonymous_23)
FN:393,(anonymous_24)
FN:399,(anonymous_25)
FN:407,(anonymous_26)
FN:414,(anonymous_27)
FN:429,(anonymous_28)
FN:437,(anonymous_29)
FN:444,(anonymous_30)
FN:459,(anonymous_31)
FN:470,(anonymous_32)
FN:494,(anonymous_33)
FN:497,(anonymous_34)
FN:515,(anonymous_35)
FN:535,(anonymous_36)
FN:538,(anonymous_37)
FN:561,(anonymous_38)
FN:569,(anonymous_39)
FN:573,(anonymous_40)
FN:596,(anonymous_41)
FN:599,(anonymous_42)
FN:622,(anonymous_43)
FN:630,(anonymous_44)
FN:634,(anonymous_45)
FN:657,(anonymous_46)
FN:660,(anonymous_47)
FN:683,(anonymous_48)
FN:691,(anonymous_49)
FN:695,(anonymous_50)
FN:718,(anonymous_51)
FN:721,(anonymous_52)
FN:747,(anonymous_53)
FN:755,(anonymous_54)
FN:759,(anonymous_55)
FN:792,(anonymous_56)
FN:806,(anonymous_57)
FN:809,(anonymous_58)
FN:840,(anonymous_59)
FN:843,(anonymous_60)
FN:859,(anonymous_61)
FN:868,(anonymous_62)
FN:877,(anonymous_63)
FN:934,(anonymous_64)
FN:955,(anonymous_65)
FN:959,(anonymous_66)
FN:988,(anonymous_67)
FN:1003,(anonymous_68)
FN:1011,(anonymous_69)
FN:1020,(anonymous_70)
FN:1020,(anonymous_71)
FN:1029,(anonymous_72)
FN:1038,(anonymous_73)
FN:1038,(anonymous_74)
FNF:75
FNH:0
FNDA:0,fetchWithTimeout
FNDA:0,(anonymous_1)
FNDA:0,CareerCompassWizard
FNDA:0,(anonymous_3)
FNDA:0,(anonymous_4)
FNDA:0,(anonymous_5)
FNDA:0,(anonymous_6)
FNDA:0,(anonymous_7)
FNDA:0,(anonymous_8)
FNDA:0,(anonymous_9)
FNDA:0,(anonymous_10)
FNDA:0,(anonymous_11)
FNDA:0,(anonymous_12)
FNDA:0,(anonymous_13)
FNDA:0,(anonymous_14)
FNDA:0,(anonymous_15)
FNDA:0,(anonymous_16)
FNDA:0,(anonymous_17)
FNDA:0,(anonymous_18)
FNDA:0,(anonymous_19)
FNDA:0,(anonymous_20)
FNDA:0,(anonymous_21)
FNDA:0,(anonymous_22)
FNDA:0,(anonymous_23)
FNDA:0,(anonymous_24)
FNDA:0,(anonymous_25)
FNDA:0,(anonymous_26)
FNDA:0,(anonymous_27)
FNDA:0,(anonymous_28)
FNDA:0,(anonymous_29)
FNDA:0,(anonymous_30)
FNDA:0,(anonymous_31)
FNDA:0,(anonymous_32)
FNDA:0,(anonymous_33)
FNDA:0,(anonymous_34)
FNDA:0,(anonymous_35)
FNDA:0,(anonymous_36)
FNDA:0,(anonymous_37)
FNDA:0,(anonymous_38)
FNDA:0,(anonymous_39)
FNDA:0,(anonymous_40)
FNDA:0,(anonymous_41)
FNDA:0,(anonymous_42)
FNDA:0,(anonymous_43)
FNDA:0,(anonymous_44)
FNDA:0,(anonymous_45)
FNDA:0,(anonymous_46)
FNDA:0,(anonymous_47)
FNDA:0,(anonymous_48)
FNDA:0,(anonymous_49)
FNDA:0,(anonymous_50)
FNDA:0,(anonymous_51)
FNDA:0,(anonymous_52)
FNDA:0,(anonymous_53)
FNDA:0,(anonymous_54)
FNDA:0,(anonymous_55)
FNDA:0,(anonymous_56)
FNDA:0,(anonymous_57)
FNDA:0,(anonymous_58)
FNDA:0,(anonymous_59)
FNDA:0,(anonymous_60)
FNDA:0,(anonymous_61)
FNDA:0,(anonymous_62)
FNDA:0,(anonymous_63)
FNDA:0,(anonymous_64)
FNDA:0,(anonymous_65)
FNDA:0,(anonymous_66)
FNDA:0,(anonymous_67)
FNDA:0,(anonymous_68)
FNDA:0,(anonymous_69)
FNDA:0,(anonymous_70)
FNDA:0,(anonymous_71)
FNDA:0,(anonymous_72)
FNDA:0,(anonymous_73)
FNDA:0,(anonymous_74)
DA:3,0
DA:4,0
DA:5,0
DA:13,0
DA:14,0
DA:16,0
DA:17,0
DA:21,0
DA:23,0
DA:24,0
DA:26,0
DA:28,0
DA:48,0
DA:56,0
DA:64,0
DA:78,0
DA:87,0
DA:96,0
DA:97,0
DA:99,0
DA:100,0
DA:101,0
DA:102,0
DA:105,0
DA:106,0
DA:109,0
DA:110,0
DA:111,0
DA:112,0
DA:113,0
DA:114,0
DA:115,0
DA:116,0
DA:119,0
DA:120,0
DA:121,0
DA:122,0
DA:125,0
DA:126,0
DA:127,0
DA:130,0
DA:131,0
DA:132,0
DA:133,0
DA:136,0
DA:137,0
DA:138,0
DA:139,0
DA:140,0
DA:141,0
DA:142,0
DA:145,0
DA:147,0
DA:150,0
DA:154,0
DA:157,0
DA:158,0
DA:159,0
DA:160,0
DA:161,0
DA:166,0
DA:167,0
DA:168,0
DA:172,0
DA:173,0
DA:174,0
DA:176,0
DA:178,0
DA:180,0
DA:186,0
DA:187,0
DA:188,0
DA:189,0
DA:192,0
DA:193,0
DA:194,0
DA:196,0
DA:197,0
DA:198,0
DA:200,0
DA:205,0
DA:207,0
DA:208,0
DA:211,0
DA:213,0
DA:214,0
DA:216,0
DA:220,0
DA:221,0
DA:222,0
DA:225,0
DA:226,0
DA:227,0
DA:228,0
DA:232,0
DA:233,0
DA:234,0
DA:236,0
DA:237,0
DA:240,0
DA:242,0
DA:248,0
DA:249,0
DA:250,0
DA:252,0
DA:255,0
DA:256,0
DA:270,0
DA:271,0
DA:274,0
DA:275,0
DA:280,0
DA:310,0
DA:311,0
DA:312,0
DA:316,0
DA:317,0
DA:319,0
DA:320,0
DA:324,0
DA:325,0
DA:326,0
DA:327,0
DA:339,0
DA:341,0
DA:342,0
DA:347,0
DA:348,0
DA:349,0
DA:350,0
DA:351,0
DA:355,0
DA:356,0
DA:361,0
DA:368,0
DA:389,0
DA:392,0
DA:393,0
DA:399,0
DA:407,0
DA:414,0
DA:429,0
DA:437,0
DA:444,0
DA:459,0
DA:470,0
DA:495,0
DA:497,0
DA:515,0
DA:536,0
DA:538,0
DA:561,0
DA:569,0
DA:573,0
DA:597,0
DA:599,0
DA:622,0
DA:630,0
DA:634,0
DA:658,0
DA:660,0
DA:683,0
DA:691,0
DA:695,0
DA:719,0
DA:721,0
DA:747,0
DA:755,0
DA:759,0
DA:792,0
DA:807,0
DA:810,0
DA:811,0
DA:812,0
DA:813,0
DA:841,0
DA:844,0
DA:845,0
DA:859,0
DA:869,0
DA:870,0
DA:877,0
DA:934,0
DA:955,0
DA:959,0
DA:988,0
DA:1003,0
DA:1011,0
DA:1020,0
DA:1029,0
DA:1038,0
LF:191
LH:0
BRDA:11,0,0,0
BRDA:23,1,0,0
BRDA:23,1,1,0
BRDA:23,2,0,0
BRDA:23,2,1,0
BRDA:131,3,0,0
BRDA:131,3,1,0
BRDA:131,4,0,0
BRDA:131,4,1,0
BRDA:141,5,0,0
BRDA:141,5,1,0
BRDA:141,6,0,0
BRDA:141,6,1,0
BRDA:154,7,0,0
BRDA:154,7,1,0
BRDA:173,8,0,0
BRDA:173,8,1,0
BRDA:176,9,0,0
BRDA:176,9,1,0
BRDA:176,10,0,0
BRDA:176,10,1,0
BRDA:187,11,0,0
BRDA:187,11,1,0
BRDA:207,12,0,0
BRDA:207,12,1,0
BRDA:208,13,0,0
BRDA:208,13,1,0
BRDA:208,14,0,0
BRDA:208,14,1,0
BRDA:208,15,0,0
BRDA:208,15,1,0
BRDA:213,16,0,0
BRDA:213,16,1,0
BRDA:221,17,0,0
BRDA:221,17,1,0
BRDA:221,18,0,0
BRDA:221,18,1,0
BRDA:222,19,0,0
BRDA:222,19,1,0
BRDA:228,20,0,0
BRDA:228,20,1,0
BRDA:240,21,0,0
BRDA:240,21,1,0
BRDA:249,22,0,0
BRDA:249,22,1,0
BRDA:250,23,0,0
BRDA:250,23,1,0
BRDA:250,24,0,0
BRDA:250,24,1,0
BRDA:250,25,0,0
BRDA:250,25,1,0
BRDA:255,26,0,0
BRDA:255,26,1,0
BRDA:264,27,0,0
BRDA:264,27,1,0
BRDA:271,28,0,0
BRDA:271,28,1,0
BRDA:271,29,0,0
BRDA:271,29,1,0
BRDA:275,30,0,0
BRDA:275,30,1,0
BRDA:275,31,0,0
BRDA:275,31,1,0
BRDA:293,32,0,0
BRDA:293,32,1,0
BRDA:294,33,0,0
BRDA:294,33,1,0
BRDA:296,34,0,0
BRDA:296,34,1,0
BRDA:299,35,0,0
BRDA:299,35,1,0
BRDA:300,36,0,0
BRDA:300,36,1,0
BRDA:301,37,0,0
BRDA:301,37,1,0
BRDA:304,38,0,0
BRDA:304,38,1,0
BRDA:305,39,0,0
BRDA:305,39,1,0
BRDA:311,40,0,0
BRDA:311,40,1,0
BRDA:312,41,0,0
BRDA:312,41,1,0
BRDA:312,42,0,0
BRDA:312,42,1,0
BRDA:312,43,0,0
BRDA:312,43,1,0
BRDA:316,44,0,0
BRDA:316,44,1,0
BRDA:316,45,0,0
BRDA:316,45,1,0
BRDA:319,46,0,0
BRDA:319,46,1,0
BRDA:333,47,0,0
BRDA:333,47,1,0
BRDA:341,48,0,0
BRDA:341,48,1,0
BRDA:348,49,0,0
BRDA:348,49,1,0
BRDA:349,50,0,0
BRDA:349,50,1,0
BRDA:350,51,0,0
BRDA:350,51,1,0
BRDA:364,52,0,0
BRDA:364,52,1,0
BRDA:371,53,0,0
BRDA:371,53,1,0
BRDA:372,54,0,0
BRDA:372,54,1,0
BRDA:385,55,0,0
BRDA:385,55,1,0
BRDA:385,55,2,0
BRDA:392,56,0,0
BRDA:392,56,1,0
BRDA:392,57,0,0
BRDA:392,57,1,0
BRDA:393,58,0,0
BRDA:393,58,1,0
BRDA:393,59,0,0
BRDA:393,59,1,0
BRDA:397,60,0,0
BRDA:397,60,1,0
BRDA:401,61,0,0
BRDA:401,61,1,0
BRDA:407,62,0,0
BRDA:407,62,1,0
BRDA:407,63,0,0
BRDA:407,63,1,0
BRDA:407,64,0,0
BRDA:407,64,1,0
BRDA:412,65,0,0
BRDA:412,65,1,0
BRDA:416,66,0,0
BRDA:416,66,1,0
BRDA:422,67,0,0
BRDA:422,67,1,0
BRDA:427,68,0,0
BRDA:427,68,1,0
BRDA:431,69,0,0
BRDA:431,69,1,0
BRDA:437,70,0,0
BRDA:437,70,1,0
BRDA:437,71,0,0
BRDA:437,71,1,0
BRDA:437,72,0,0
BRDA:437,72,1,0
BRDA:442,73,0,0
BRDA:442,73,1,0
BRDA:446,74,0,0
BRDA:446,74,1,0
BRDA:452,75,0,0
BRDA:452,75,1,0
BRDA:457,76,0,0
BRDA:457,76,1,0
BRDA:457,76,2,0
BRDA:457,76,3,0
BRDA:468,77,0,0
BRDA:468,77,1,0
BRDA:472,78,0,0
BRDA:472,78,1,0
BRDA:478,79,0,0
BRDA:478,79,1,0
BRDA:485,80,0,0
BRDA:485,80,1,0
BRDA:488,81,0,0
BRDA:488,81,1,0
BRDA:498,82,0,0
BRDA:498,82,1,0
BRDA:525,83,0,0
BRDA:525,83,1,0
BRDA:540,84,0,0
BRDA:540,84,1,0
BRDA:546,85,0,0
BRDA:546,85,1,0
BRDA:550,86,0,0
BRDA:550,86,1,0
BRDA:586,87,0,0
BRDA:586,87,1,0
BRDA:601,88,0,0
BRDA:601,88,1,0
BRDA:607,89,0,0
BRDA:607,89,1,0
BRDA:611,90,0,0
BRDA:611,90,1,0
BRDA:647,91,0,0
BRDA:647,91,1,0
BRDA:662,92,0,0
BRDA:662,92,1,0
BRDA:668,93,0,0
BRDA:668,93,1,0
BRDA:672,94,0,0
BRDA:672,94,1,0
BRDA:708,95,0,0
BRDA:708,95,1,0
BRDA:723,96,0,0
BRDA:723,96,1,0
BRDA:730,97,0,0
BRDA:730,97,1,0
BRDA:734,98,0,0
BRDA:734,98,1,0
BRDA:755,99,0,0
BRDA:755,99,1,0
BRDA:759,100,0,0
BRDA:759,100,1,0
BRDA:772,101,0,0
BRDA:772,101,1,0
BRDA:795,102,0,0
BRDA:795,102,1,0
BRDA:804,103,0,0
BRDA:804,103,1,0
BRDA:879,104,0,0
BRDA:879,104,1,0
BRDA:891,105,0,0
BRDA:891,105,1,0
BRDA:907,106,0,0
BRDA:907,106,1,0
BRDA:920,107,0,0
BRDA:920,107,1,0
BRDA:928,108,0,0
BRDA:928,108,1,0
BRDA:972,109,0,0
BRDA:972,109,1,0
BRDA:1003,110,0,0
BRDA:1003,110,1,0
BRDA:1003,111,0,0
BRDA:1003,111,1,0
BRDA:1003,112,0,0
BRDA:1003,112,1,0
BRDA:1010,113,0,0
BRDA:1010,113,1,0
BRDA:1011,114,0,0
BRDA:1011,114,1,0
BRDA:1011,115,0,0
BRDA:1011,115,1,0
BRDA:1011,116,0,0
BRDA:1011,116,1,0
BRDA:1019,117,0,0
BRDA:1019,117,1,0
BRDA:1020,118,0,0
BRDA:1020,118,1,0
BRDA:1020,119,0,0
BRDA:1020,119,1,0
BRDA:1020,120,0,0
BRDA:1020,120,1,0
BRDA:1028,121,0,0
BRDA:1028,121,1,0
BRDA:1029,122,0,0
BRDA:1029,122,1,0
BRDA:1029,123,0,0
BRDA:1029,123,1,0
BRDA:1029,124,0,0
BRDA:1029,124,1,0
BRDA:1037,125,0,0
BRDA:1037,125,1,0
BRDA:1038,126,0,0
BRDA:1038,126,1,0
BRDA:1038,127,0,0
BRDA:1038,127,1,0
BRDA:1038,128,0,0
BRDA:1038,128,1,0
BRDA:1046,129,0,0
BRDA:1046,129,1,0
BRDA:1047,130,0,0
BRDA:1047,130,1,0
BRDA:1055,131,0,0
BRDA:1055,131,1,0
BRDA:1056,132,0,0
BRDA:1056,132,1,0
BRDA:1064,133,0,0
BRDA:1064,133,1,0
BRDA:1065,134,0,0
BRDA:1065,134,1,0
BRDA:1067,135,0,0
BRDA:1067,135,1,0
BRDA:1075,136,0,0
BRDA:1075,136,1,0
BRDA:1086,137,0,0
BRDA:1086,137,1,0
BRDA:1091,138,0,0
BRDA:1091,138,1,0
BRF:280
BRH:0
end_of_record
TN:
SF:src/components/CareerExplorer.tsx
FN:40,CareerExplorer
FN:66,(anonymous_1)
FN:72,loadLocalData
FN:99,(anonymous_3)
FN:100,(anonymous_4)
FN:104,(anonymous_5)
FN:105,(anonymous_6)
FN:139,(anonymous_7)
FN:173,(anonymous_8)
FN:181,(anonymous_9)
FN:182,(anonymous_10)
FN:184,(anonymous_11)
FN:190,(anonymous_12)
FN:191,(anonymous_13)
FN:192,(anonymous_14)
FN:197,(anonymous_15)
FN:198,(anonymous_16)
FN:199,(anonymous_17)
FN:204,(anonymous_18)
FN:206,(anonymous_19)
FN:214,(anonymous_20)
FN:248,(anonymous_21)
FN:256,(anonymous_22)
FN:281,(anonymous_23)
FN:300,(anonymous_24)
FN:303,(anonymous_25)
FN:321,(anonymous_26)
FN:324,(anonymous_27)
FN:342,(anonymous_28)
FN:345,(anonymous_29)
FN:370,(anonymous_30)
FN:387,(anonymous_31)
FN:407,(anonymous_32)
FN:422,(anonymous_33)
FN:440,(anonymous_34)
FN:443,(anonymous_35)
FN:458,(anonymous_36)
FN:461,(anonymous_37)
FN:477,(anonymous_38)
FN:509,(anonymous_39)
FN:512,(anonymous_40)
FN:539,(anonymous_41)
FN:542,(anonymous_42)
FN:587,(anonymous_43)
FN:666,(anonymous_44)
FN:741,(anonymous_45)
FN:751,(anonymous_46)
FNF:47
FNH:0
FNDA:0,CareerExplorer
FNDA:0,(anonymous_1)
FNDA:0,loadLocalData
FNDA:0,(anonymous_3)
FNDA:0,(anonymous_4)
FNDA:0,(anonymous_5)
FNDA:0,(anonymous_6)
FNDA:0,(anonymous_7)
FNDA:0,(anonymous_8)
FNDA:0,(anonymous_9)
FNDA:0,(anonymous_10)
FNDA:0,(anonymous_11)
FNDA:0,(anonymous_12)
FNDA:0,(anonymous_13)
FNDA:0,(anonymous_14)
FNDA:0,(anonymous_15)
FNDA:0,(anonymous_16)
FNDA:0,(anonymous_17)
FNDA:0,(anonymous_18)
FNDA:0,(anonymous_19)
FNDA:0,(anonymous_20)
FNDA:0,(anonymous_21)
FNDA:0,(anonymous_22)
FNDA:0,(anonymous_23)
FNDA:0,(anonymous_24)
FNDA:0,(anonymous_25)
FNDA:0,(anonymous_26)
FNDA:0,(anonymous_27)
FNDA:0,(anonymous_28)
FNDA:0,(anonymous_29)
FNDA:0,(anonymous_30)
FNDA:0,(anonymous_31)
FNDA:0,(anonymous_32)
FNDA:0,(anonymous_33)
FNDA:0,(anonymous_34)
FNDA:0,(anonymous_35)
FNDA:0,(anonymous_36)
FNDA:0,(anonymous_37)
FNDA:0,(anonymous_38)
FNDA:0,(anonymous_39)
FNDA:0,(anonymous_40)
FNDA:0,(anonymous_41)
FNDA:0,(anonymous_42)
FNDA:0,(anonymous_43)
FNDA:0,(anonymous_44)
FNDA:0,(anonymous_45)
FNDA:0,(anonymous_46)
DA:3,0
DA:5,0
DA:13,0
DA:31,0
DA:38,0
DA:40,0
DA:42,0
DA:43,0
DA:44,0
DA:45,0
DA:46,0
DA:49,0
DA:50,0
DA:51,0
DA:52,0
DA:55,0
DA:56,0
DA:59,0
DA:62,0
DA:63,0
DA:66,0
DA:67,0
DA:68,0
DA:69,0
DA:73,0
DA:74,0
DA:75,0
DA:76,0
DA:77,0
DA:78,0
DA:80,0
DA:81,0
DA:82,0
DA:83,0
DA:84,0
DA:87,0
DA:90,0
DA:92,0
DA:95,0
DA:99,0
DA:100,0
DA:104,0
DA:105,0
DA:107,0
DA:108,0
DA:109,0
DA:111,0
DA:116,0
DA:119,0
DA:120,0
DA:124,0
DA:125,0
DA:129,0
DA:130,0
DA:131,0
DA:135,0
DA:139,0
DA:140,0
DA:142,0
DA:144,0
DA:145,0
DA:148,0
DA:149,0
DA:150,0
DA:151,0
DA:153,0
DA:154,0
DA:157,0
DA:160,0
DA:173,0
DA:174,0
DA:175,0
DA:178,0
DA:181,0
DA:182,0
DA:183,0
DA:184,0
DA:187,0
DA:190,0
DA:191,0
DA:192,0
DA:194,0
DA:197,0
DA:198,0
DA:199,0
DA:201,0
DA:204,0
DA:205,0
DA:206,0
DA:208,0
DA:210,0
DA:214,0
DA:215,0
DA:216,0
DA:217,0
DA:218,0
DA:219,0
DA:220,0
DA:224,0
DA:232,0
DA:237,0
DA:249,0
DA:250,0
DA:256,0
DA:282,0
DA:283,0
DA:301,0
DA:303,0
DA:322,0
DA:324,0
DA:343,0
DA:345,0
DA:370,0
DA:388,0
DA:389,0
DA:408,0
DA:409,0
DA:423,0
DA:424,0
DA:441,0
DA:443,0
DA:459,0
DA:461,0
DA:477,0
DA:510,0
DA:512,0
DA:540,0
DA:542,0
DA:588,0
DA:667,0
DA:741,0
DA:751,0
LF:132
LH:0
BRDA:40,0,0,0
BRDA:67,1,0,0
BRDA:67,1,1,0
BRDA:67,2,0,0
BRDA:67,2,1,0
BRDA:76,3,0,0
BRDA:76,3,1,0
BRDA:78,4,0,0
BRDA:78,4,1,0
BRDA:83,5,0,0
BRDA:83,5,1,0
BRDA:107,6,0,0
BRDA:107,6,1,0
BRDA:109,7,0,0
BRDA:109,7,1,0
BRDA:109,8,0,0
BRDA:109,8,1,0
BRDA:110,9,0,0
BRDA:110,9,1,0
BRDA:110,10,0,0
BRDA:110,10,1,0
BRDA:116,11,0,0
BRDA:116,11,1,0
BRDA:119,12,0,0
BRDA:119,12,1,0
BRDA:119,13,0,0
BRDA:119,13,1,0
BRDA:124,14,0,0
BRDA:124,14,1,0
BRDA:124,15,0,0
BRDA:124,15,1,0
BRDA:129,16,0,0
BRDA:129,16,1,0
BRDA:130,17,0,0
BRDA:130,17,1,0
BRDA:130,18,0,0
BRDA:130,18,1,0
BRDA:142,19,0,0
BRDA:142,19,1,0
BRDA:142,19,2,0
BRDA:148,20,0,0
BRDA:148,20,1,0
BRDA:148,21,0,0
BRDA:148,21,1,0
BRDA:149,22,0,0
BRDA:149,22,1,0
BRDA:149,23,0,0
BRDA:149,23,1,0
BRDA:157,24,0,0
BRDA:157,24,1,0
BRDA:183,25,0,0
BRDA:183,25,1,0
BRDA:192,26,0,0
BRDA:192,26,1,0
BRDA:199,27,0,0
BRDA:199,27,1,0
BRDA:205,28,0,0
BRDA:205,28,1,0
BRDA:206,29,0,0
BRDA:206,29,1,0
BRDA:210,30,0,0
BRDA:210,30,1,0
BRDA:224,31,0,0
BRDA:224,31,1,0
BRDA:224,31,2,0
BRDA:224,31,3,0
BRDA:224,31,4,0
BRDA:232,32,0,0
BRDA:232,32,1,0
BRDA:258,33,0,0
BRDA:258,33,1,0
BRDA:266,34,0,0
BRDA:266,34,1,0
BRDA:267,35,0,0
BRDA:267,35,1,0
BRDA:274,36,0,0
BRDA:274,36,1,0
BRDA:305,37,0,0
BRDA:305,37,1,0
BRDA:326,38,0,0
BRDA:326,38,1,0
BRDA:338,39,0,0
BRDA:338,39,1,0
BRDA:347,40,0,0
BRDA:347,40,1,0
BRDA:360,41,0,0
BRDA:360,41,1,0
BRDA:372,42,0,0
BRDA:372,42,1,0
BRDA:377,43,0,0
BRDA:377,43,1,0
BRDA:385,44,0,0
BRDA:385,44,1,0
BRDA:446,45,0,0
BRDA:446,45,1,0
BRDA:463,46,0,0
BRDA:463,46,1,0
BRDA:474,47,0,0
BRDA:474,47,1,0
BRDA:479,48,0,0
BRDA:479,48,1,0
BRDA:489,49,0,0
BRDA:489,49,1,0
BRDA:495,50,0,0
BRDA:495,50,1,0
BRDA:506,51,0,0
BRDA:506,51,1,0
BRDA:514,52,0,0
BRDA:514,52,1,0
BRDA:530,53,0,0
BRDA:530,53,1,0
BRDA:544,54,0,0
BRDA:544,54,1,0
BRDA:550,55,0,0
BRDA:550,55,1,0
BRDA:551,56,0,0
BRDA:551,56,1,0
BRDA:573,57,0,0
BRDA:573,57,1,0
BRDA:573,57,2,0
BRDA:608,58,0,0
BRDA:608,58,1,0
BRDA:608,58,2,0
BRDA:610,59,0,0
BRDA:610,59,1,0
BRDA:616,60,0,0
BRDA:616,60,1,0
BRDA:634,61,0,0
BRDA:634,61,1,0
BRDA:634,62,0,0
BRDA:634,62,1,0
BRDA:635,63,0,0
BRDA:635,63,1,0
BRDA:642,64,0,0
BRDA:642,64,1,0
BRDA:657,65,0,0
BRDA:657,65,1,0
BRDA:700,66,0,0
BRDA:700,66,1,0
BRDA:703,67,0,0
BRDA:703,67,1,0
BRDA:712,68,0,0
BRDA:712,68,1,0
BRDA:712,68,2,0
BRDA:712,68,3,0
BRDA:722,69,0,0
BRDA:722,69,1,0
BRDA:730,70,0,0
BRDA:730,70,1,0
BRDA:738,71,0,0
BRDA:738,71,1,0
BRF:151
BRH:0
end_of_record
TN:
SF:src/components/CareerVideoPlayer.tsx
FN:11,CareerVideoPlayer
FN:31,(anonymous_1)
FNF:2
FNH:0
FNDA:0,CareerVideoPlayer
FNDA:0,(anonymous_1)
DA:3,0
DA:11,0
DA:12,0
DA:14,0
DA:15,0
DA:29,0
DA:31,0
LF:7
LH:0
BRDA:14,0,0,0
BRDA:14,0,1,0
BRF:2
BRH:0
end_of_record
TN:
SF:src/components/CategoryStrip.tsx
FN:15,CategoryStrip
FN:22,(anonymous_2)
FN:31,(anonymous_3)
FN:51,(anonymous_4)
FN:65,(anonymous_5)
FN:66,(anonymous_6)
FN:77,(anonymous_7)
FNF:7
FNH:0
FNDA:0,CategoryStrip
FNDA:0,(anonymous_2)
FNDA:0,(anonymous_3)
FNDA:0,(anonymous_4)
FNDA:0,(anonymous_5)
FNDA:0,(anonymous_6)
FNDA:0,(anonymous_7)
DA:3,0
DA:4,0
DA:5,0
DA:15,0
DA:16,0
DA:17,0
DA:18,0
DA:19,0
DA:22,0
DA:23,0
DA:25,0
DA:26,0
DA:28,0
DA:31,0
DA:32,0
DA:34,0
DA:37,0
DA:40,0
DA:41,0
DA:42,0
DA:43,0
DA:46,0
DA:49,0
DA:51,0
DA:52,0
DA:56,0
DA:65,0
DA:66,0
DA:78,0
LF:29
LH:0
BRDA:23,0,0,0
BRDA:23,0,1,0
BRDA:26,1,0,0
BRDA:26,1,1,0
BRDA:32,2,0,0
BRDA:32,2,1,0
BRDA:40,3,0,0
BRDA:40,3,1,0
BRDA:42,4,0,0
BRDA:42,4,1,0
BRF:10
BRH:0
end_of_record
TN:
SF:src/components/EmailCapture.tsx
FN:14,EmailCapture
FN:22,(anonymous_1)
FN:76,(anonymous_2)
FN:89,(anonymous_3)
FN:93,(anonymous_4)
FNF:5
FNH:0
FNDA:0,EmailCapture
FNDA:0,(anonymous_1)
FNDA:0,(anonymous_2)
FNDA:0,(anonymous_3)
FNDA:0,(anonymous_4)
DA:3,0
DA:7,0
DA:14,0
DA:15,0
DA:16,0
DA:17,0
DA:20,0
DA:22,0
DA:23,0
DA:24,0
DA:25,0
DA:27,0
DA:28,0
DA:36,0
DA:37,0
DA:40,0
DA:41,0
DA:42,0
DA:44,0
DA:45,0
DA:49,0
DA:50,0
DA:63,0
DA:76,0
DA:89,0
DA:94,0
LF:26
LH:0
BRDA:36,0,0,0
BRDA:36,0,1,0
BRDA:49,1,0,0
BRDA:49,1,1,0
BRDA:101,2,0,0
BRDA:101,2,1,0
BRDA:110,3,0,0
BRDA:110,3,1,0
BRF:8
BRH:0
end_of_record
TN:
SF:src/components/Header.tsx
FN:6,Header
FN:59,(anonymous_1)
FN:106,(anonymous_2)
FN:113,(anonymous_3)
FN:120,(anonymous_4)
FN:127,(anonymous_5)
FN:134,(anonymous_6)
FN:141,(anonymous_7)
FNF:8
FNH:0
FNDA:0,Header
FNDA:0,(anonymous_1)
FNDA:0,(anonymous_2)
FNDA:0,(anonymous_3)
FNDA:0,(anonymous_4)
FNDA:0,(anonymous_5)
FNDA:0,(anonymous_6)
FNDA:0,(anonymous_7)
DA:3,0
DA:4,0
DA:6,0
DA:7,0
DA:9,0
DA:59,0
DA:106,0
DA:113,0
DA:120,0
DA:127,0
DA:134,0
DA:141,0
LF:12
LH:0
BRDA:63,0,0,0
BRDA:63,0,1,0
BRDA:97,1,0,0
BRDA:97,1,1,0
BRF:4
BRH:0
end_of_record
TN:
SF:src/components/LocalJobMarket.tsx
FN:35,LocalJobMarket
FN:47,(anonymous_1)
FN:54,fetchLocalData
FN:83,(anonymous_3)
FN:94,(anonymous_4)
FN:99,(anonymous_5)
FNF:6
FNH:6
FNDA:44,LocalJobMarket
FNDA:17,(anonymous_1)
FNDA:14,fetchLocalData
FNDA:11,(anonymous_3)
FNDA:11,(anonymous_4)
FNDA:11,(anonymous_5)
DA:10,1
DA:11,1
DA:12,1
DA:13,1
DA:35,1
DA:40,44
DA:41,44
DA:42,44
DA:43,44
DA:44,44
DA:47,44
DA:48,17
DA:49,3
DA:50,3
DA:51,3
DA:55,14
DA:56,14
DA:58,14
DA:59,14
DA:62,13
DA:64,13
DA:65,11
DA:66,11
DA:68,2
DA:69,2
DA:72,1
DA:73,1
DA:76,14
DA:79,14
DA:83,44
DA:84,11
DA:85,1
DA:87,10
DA:88,10
DA:90,0
DA:94,44
DA:95,11
DA:99,44
DA:100,11
DA:101,5
DA:102,5
DA:103,0
DA:107,44
DA:108,1
DA:118,43
DA:119,2
DA:157,41
DA:158,14
DA:194,27
DA:195,16
DA:238,11
LF:51
LH:49
BRDA:48,0,0,3
BRDA:48,0,1,14
BRDA:64,1,0,11
BRDA:64,1,1,2
BRDA:68,2,0,2
BRDA:68,2,1,0
BRDA:68,3,0,0
BRDA:68,3,1,2
BRDA:68,4,0,2
BRDA:68,4,1,2
BRDA:84,5,0,1
BRDA:84,5,1,10
BRDA:87,6,0,10
BRDA:87,6,1,0
BRDA:100,7,0,6
BRDA:100,7,1,5
BRDA:101,8,0,0
BRDA:101,8,1,5
BRDA:102,9,0,5
BRDA:102,9,1,0
BRDA:107,10,0,1
BRDA:107,10,1,43
BRDA:118,11,0,2
BRDA:118,11,1,41
BRDA:157,12,0,14
BRDA:157,12,1,27
BRDA:194,13,0,16
BRDA:194,13,1,11
BRDA:194,14,0,27
BRDA:194,14,1,24
BRDA:226,15,0,16
BRDA:226,15,1,2
BRDA:286,16,0,11
BRDA:286,16,1,11
BRDA:290,17,0,6
BRDA:290,17,1,5
BRDA:312,18,0,6
BRDA:312,18,1,5
BRDA:314,19,0,0
BRDA:314,19,1,5
BRDA:322,20,0,6
BRDA:322,20,1,5
BRDA:324,21,0,5
BRDA:324,21,1,0
BRDA:339,22,0,11
BRDA:339,22,1,11
BRF:46
BRH:39
end_of_record
TN:
SF:src/components/LocationSelector.tsx
FN:31,LocationSelector
FN:53,(anonymous_1)
FN:54,handleClickOutside
FN:64,(anonymous_3)
FN:68,(anonymous_4)
FN:75,(anonymous_5)
FN:98,(anonymous_6)
FN:99,(anonymous_7)
FN:103,(anonymous_8)
FN:107,(anonymous_9)
FN:123,(anonymous_10)
FN:132,(anonymous_11)
FN:170,(anonymous_12)
FN:235,(anonymous_13)
FN:270,(anonymous_14)
FN:273,(anonymous_15)
FNF:16
FNH:15
FNDA:54,LocationSelector
FNDA:13,(anonymous_1)
FNDA:16,handleClickOutside
FNDA:13,(anonymous_3)
FNDA:26,(anonymous_4)
FNDA:3,(anonymous_5)
FNDA:39,(anonymous_6)
FNDA:3,(anonymous_7)
FNDA:39,(anonymous_8)
FNDA:1,(anonymous_9)
FNDA:1,(anonymous_10)
FNDA:0,(anonymous_11)
FNDA:11,(anonymous_12)
FNDA:25,(anonymous_13)
FNDA:3,(anonymous_14)
FNDA:1,(anonymous_15)
DA:14,1
DA:15,1
DA:31,1
DA:43,54
DA:45,54
DA:46,54
DA:47,54
DA:48,54
DA:49,54
DA:50,54
DA:53,54
DA:55,16
DA:59,0
DA:63,13
DA:64,13
DA:68,54
DA:69,26
DA:70,10
DA:75,54
DA:76,3
DA:77,0
DA:78,0
DA:81,3
DA:82,3
DA:83,3
DA:86,3
DA:88,3
DA:89,3
DA:92,0
DA:94,3
DA:98,54
DA:99,39
DA:100,3
DA:103,39
DA:107,54
DA:108,1
DA:116,1
DA:117,1
DA:118,1
DA:119,1
DA:123,54
DA:124,1
DA:125,1
DA:126,1
DA:127,1
DA:132,54
DA:133,0
DA:134,0
DA:138,54
DA:139,0
DA:166,54
DA:170,11
DA:235,25
DA:271,3
DA:273,1
LF:55
LH:48
BRDA:32,0,0,54
BRDA:34,1,0,54
BRDA:55,2,0,0
BRDA:55,2,1,16
BRDA:56,3,0,16
BRDA:56,3,1,16
BRDA:69,4,0,10
BRDA:69,4,1,16
BRDA:69,5,0,26
BRDA:69,5,1,10
BRDA:76,6,0,0
BRDA:76,6,1,3
BRDA:88,7,0,3
BRDA:88,7,1,0
BRDA:89,8,0,3
BRDA:89,8,1,0
BRDA:112,9,0,1
BRDA:112,9,1,0
BRDA:119,10,0,1
BRDA:119,10,1,0
BRDA:119,11,0,1
BRDA:119,11,1,1
BRDA:125,12,0,1
BRDA:125,12,1,0
BRDA:127,13,0,1
BRDA:127,13,1,0
BRDA:127,14,0,1
BRDA:127,14,1,1
BRDA:138,15,0,0
BRDA:138,15,1,54
BRDA:174,16,0,54
BRDA:174,16,1,0
BRDA:200,17,0,0
BRDA:200,17,1,54
BRDA:205,18,0,38
BRDA:205,18,1,16
BRDA:220,19,0,54
BRDA:220,19,1,38
BRDA:225,20,0,38
BRDA:225,20,1,0
BRDA:249,21,0,0
BRDA:249,21,1,38
BRDA:251,22,0,38
BRDA:251,22,1,0
BRDA:264,23,0,0
BRDA:264,23,1,38
BRDA:268,24,0,3
BRDA:268,24,1,35
BRDA:278,25,0,3
BRDA:278,25,1,3
BRDA:284,26,0,3
BRDA:284,26,1,3
BRDA:284,26,2,3
BRDA:293,27,0,21
BRDA:293,27,1,14
BRDA:305,28,0,38
BRDA:305,28,1,0
BRF:57
BRH:41
end_of_record
TN:
SF:src/components/Toast.tsx
FN:12,Toast
FN:13,(anonymous_1)
FN:14,(anonymous_2)
FN:18,(anonymous_3)
FNF:4
FNH:0
FNDA:0,Toast
FNDA:0,(anonymous_1)
FNDA:0,(anonymous_2)
FNDA:0,(anonymous_3)
DA:3,0
DA:12,0
DA:13,0
DA:14,0
DA:15,0
DA:18,0
DA:21,0
DA:27,0
DA:33,0
DA:39,0
LF:10
LH:0
BRDA:12,0,0,0
BRDA:44,1,0,0
BRDA:44,1,1,0
BRDA:57,2,0,0
BRDA:57,2,1,0
BRDA:70,3,0,0
BRDA:70,3,1,0
BRF:7
BRH:0
end_of_record
TN:
SF:src/lib/ai-resilience.ts
FN:168,scoreExposure
FN:180,scoreGrowth
FN:192,scoreEpoch
FN:204,getClassificationFromScore
FN:244,calculateAIResilience
FN:283,generateRationale
FN:334,getHumanAdvantageFromEPOCH
FN:346,calculateEPOCHSum
FN:357,getJobGrowthLabel
FN:369,getAIExposureLabel
FN:382,getAIResilienceColor
FN:395,getAIResilienceTier
FN:408,getAIResilienceEmoji
FN:421,getAIResilienceDescription
FN:434,getLabelColor
FN:460,classificationToLegacyScore
FN:473,classificationToLegacyLabel
FN:511,getJobGrowthCategory
FN:522,classifyCareer
FNF:19
FNH:0
FNDA:0,scoreExposure
FNDA:0,scoreGrowth
FNDA:0,scoreEpoch
FNDA:0,getClassificationFromScore
FNDA:0,calculateAIResilience
FNDA:0,generateRationale
FNDA:0,getHumanAdvantageFromEPOCH
FNDA:0,calculateEPOCHSum
FNDA:0,getJobGrowthLabel
FNDA:0,getAIExposureLabel
FNDA:0,getAIResilienceColor
FNDA:0,getAIResilienceTier
FNDA:0,getAIResilienceEmoji
FNDA:0,getAIResilienceDescription
FNDA:0,getLabelColor
FNDA:0,classificationToLegacyScore
FNDA:0,classificationToLegacyLabel
FNDA:0,getJobGrowthCategory
FNDA:0,classifyCareer
DA:168,0
DA:169,0
DA:170,0
DA:171,0
DA:180,0
DA:181,0
DA:182,0
DA:183,0
DA:192,0
DA:193,0
DA:194,0
DA:195,0
DA:204,0
DA:208,0
DA:209,0
DA:210,0
DA:211,0
DA:244,0
DA:246,0
DA:249,0
DA:250,0
DA:251,0
DA:254,0
DA:255,0
DA:258,0
DA:266,0
DA:290,0
DA:292,0
DA:293,0
DA:294,0
DA:295,0
DA:298,0
DA:299,0
DA:300,0
DA:301,0
DA:304,0
DA:305,0
DA:306,0
DA:307,0
DA:310,0
DA:312,0
DA:314,0
DA:316,0
DA:318,0
DA:320,0
DA:334,0
DA:335,0
DA:338,0
DA:339,0
DA:340,0
DA:346,0
DA:347,0
DA:357,0
DA:358,0
DA:359,0
DA:360,0
DA:369,0
DA:370,0
DA:371,0
DA:372,0
DA:382,0
DA:383,0
DA:389,0
DA:395,0
DA:396,0
DA:402,0
DA:408,0
DA:409,0
DA:415,0
DA:421,0
DA:422,0
DA:428,0
DA:434,0
DA:435,0
DA:449,0
DA:460,0
DA:461,0
DA:467,0
DA:473,0
DA:474,0
DA:480,0
DA:511,0
DA:512,0
DA:513,0
DA:514,0
DA:515,0
DA:516,0
DA:522,0
DA:529,0
DA:531,0
DA:535,0
DA:537,0
DA:544,0
LF:93
LH:0
BRDA:169,0,0,0
BRDA:169,0,1,0
BRDA:170,1,0,0
BRDA:170,1,1,0
BRDA:181,2,0,0
BRDA:181,2,1,0
BRDA:182,3,0,0
BRDA:182,3,1,0
BRDA:193,4,0,0
BRDA:193,4,1,0
BRDA:194,5,0,0
BRDA:194,5,1,0
BRDA:208,6,0,0
BRDA:208,6,1,0
BRDA:209,7,0,0
BRDA:209,7,1,0
BRDA:210,8,0,0
BRDA:210,8,1,0
BRDA:246,9,0,0
BRDA:246,9,1,0
BRDA:246,10,0,0
BRDA:246,10,1,0
BRDA:246,11,0,0
BRDA:246,11,1,0
BRDA:246,12,0,0
BRDA:246,12,1,0
BRDA:292,13,0,0
BRDA:292,13,1,0
BRDA:294,14,0,0
BRDA:294,14,1,0
BRDA:298,15,0,0
BRDA:298,15,1,0
BRDA:300,16,0,0
BRDA:300,16,1,0
BRDA:304,17,0,0
BRDA:304,17,1,0
BRDA:306,18,0,0
BRDA:306,18,1,0
BRDA:310,19,0,0
BRDA:310,19,1,0
BRDA:312,20,0,0
BRDA:312,20,1,0
BRDA:312,20,2,0
BRDA:312,20,3,0
BRDA:338,21,0,0
BRDA:338,21,1,0
BRDA:339,22,0,0
BRDA:339,22,1,0
BRDA:358,23,0,0
BRDA:358,23,1,0
BRDA:359,24,0,0
BRDA:359,24,1,0
BRDA:370,25,0,0
BRDA:370,25,1,0
BRDA:371,26,0,0
BRDA:371,26,1,0
BRDA:449,27,0,0
BRDA:449,27,1,0
BRDA:512,28,0,0
BRDA:512,28,1,0
BRDA:513,29,0,0
BRDA:513,29,1,0
BRDA:514,30,0,0
BRDA:514,30,1,0
BRDA:515,31,0,0
BRDA:515,31,1,0
BRDA:529,32,0,0
BRDA:529,32,1,0
BRDA:529,33,0,0
BRDA:529,33,1,0
BRDA:531,34,0,0
BRDA:531,34,1,0
BRDA:532,35,0,0
BRDA:532,35,1,0
BRDA:533,36,0,0
BRDA:533,36,1,0
BRDA:534,37,0,0
BRDA:534,37,1,0
BRDA:535,38,0,0
BRDA:535,38,1,0
BRDA:535,39,0,0
BRDA:535,39,1,0
BRF:82
BRH:0
end_of_record
TN:
SF:src/lib/location-context.tsx
FN:57,LocationProvider
FN:65,(anonymous_1)
FN:92,(anonymous_2)
FN:125,(anonymous_3)
FN:130,(anonymous_4)
FN:145,(anonymous_5)
FN:157,(anonymous_6)
FN:168,(anonymous_7)
FN:197,useLocation
FN:206,useHasLocation
FNF:10
FNH:0
FNDA:0,LocationProvider
FNDA:0,(anonymous_1)
FNDA:0,(anonymous_2)
FNDA:0,(anonymous_3)
FNDA:0,(anonymous_4)
FNDA:0,(anonymous_5)
FNDA:0,(anonymous_6)
FNDA:0,(anonymous_7)
FNDA:0,useLocation
FNDA:0,useHasLocation
DA:14,0
DA:50,0
DA:51,0
DA:54,0
DA:57,0
DA:58,0
DA:59,0
DA:60,0
DA:61,0
DA:62,0
DA:65,0
DA:66,0
DA:68,0
DA:69,0
DA:70,0
DA:74,0
DA:75,0
DA:76,0
DA:77,0
DA:78,0
DA:79,0
DA:80,0
DA:83,0
DA:87,0
DA:88,0
DA:92,0
DA:93,0
DA:95,0
DA:96,0
DA:97,0
DA:99,0
DA:100,0
DA:109,0
DA:110,0
DA:111,0
DA:113,0
DA:114,0
DA:117,0
DA:120,0
DA:121,0
DA:125,0
DA:126,0
DA:130,0
DA:131,0
DA:132,0
DA:137,0
DA:139,0
DA:144,0
DA:146,0
DA:147,0
DA:148,0
DA:150,0
DA:151,0
DA:157,0
DA:158,0
DA:159,0
DA:160,0
DA:161,0
DA:163,0
DA:168,0
DA:169,0
DA:170,0
DA:171,0
DA:173,0
DA:177,0
DA:189,0
DA:197,0
DA:198,0
DA:199,0
DA:200,0
DA:202,0
DA:206,0
DA:207,0
DA:208,0
LF:74
LH:0
BRDA:69,0,0,0
BRDA:69,0,1,0
BRDA:75,1,0,0
BRDA:75,1,1,0
BRDA:99,2,0,0
BRDA:99,2,1,0
BRDA:99,3,0,0
BRDA:99,3,1,0
BRDA:99,3,2,0
BRDA:145,4,0,0
BRDA:199,5,0,0
BRDA:199,5,1,0
BRDA:208,6,0,0
BRDA:208,6,1,0
BRF:14
BRH:0
end_of_record
TN:
SF:src/lib/categories/career-overrides.ts
FN:38,getCareerOverride
FNF:1
FNH:0
FNDA:0,getCareerOverride
DA:27,1
DA:38,1
DA:39,0
LF:3
LH:2
BRF:0
BRH:0
end_of_record
TN:
SF:src/lib/categories/category-content.ts
FN:1225,getCategoryContent
FNF:1
FNH:0
FNDA:0,getCategoryContent
DA:24,1
DA:1225,1
DA:1226,0
LF:3
LH:2
BRF:0
BRH:0
end_of_record
TN:
SF:src/lib/categories/category-metadata.ts
FN:231,getAllCategories
FN:232,(anonymous_1)
FN:238,getCategoryMetadata
FN:245,getCategoryName
FN:252,getCategoryColor
FN:259,getCategoryIcon
FN:266,getCategorySelectOptions
FN:267,(anonymous_7)
FNF:8
FNH:0
FNDA:0,getAllCategories
FNDA:0,(anonymous_1)
FNDA:0,getCategoryMetadata
FNDA:0,getCategoryName
FNDA:0,getCategoryColor
FNDA:0,getCategoryIcon
FNDA:0,getCategorySelectOptions
FNDA:0,(anonymous_7)
DA:18,1
DA:231,1
DA:232,0
DA:238,1
DA:239,0
DA:245,1
DA:246,0
DA:252,1
DA:253,0
DA:259,1
DA:260,0
DA:266,1
DA:267,0
LF:13
LH:7
BRF:0
BRH:0
end_of_record
TN:
SF:src/lib/categories/category-stats.ts
FN:22,computeCategoryStats
FN:26,(anonymous_1)
FN:46,(anonymous_2)
FN:47,(anonymous_3)
FN:56,(anonymous_4)
FN:68,(anonymous_5)
FN:74,(anonymous_6)
FN:90,getCareersByCategory
FN:94,(anonymous_8)
FN:100,getAIRiskLevel
FN:109,formatCategoryStatsSummary
FNF:11
FNH:0
FNDA:0,computeCategoryStats
FNDA:0,(anonymous_1)
FNDA:0,(anonymous_2)
FNDA:0,(anonymous_3)
FNDA:0,(anonymous_4)
FNDA:0,(anonymous_5)
FNDA:0,(anonymous_6)
FNDA:0,getCareersByCategory
FNDA:0,(anonymous_8)
FNDA:0,getAIRiskLevel
FNDA:0,formatCategoryStatsSummary
DA:22,1
DA:26,0
DA:28,0
DA:29,0
DA:45,0
DA:46,0
DA:47,0
DA:48,0
DA:50,0
DA:56,0
DA:62,0
DA:68,0
DA:69,0
DA:73,0
DA:74,0
DA:77,0
DA:90,1
DA:94,0
DA:100,1
DA:101,0
DA:102,0
DA:103,0
DA:109,1
DA:110,0
LF:24
LH:4
BRDA:28,0,0,0
BRDA:28,0,1,0
BRDA:50,1,0,0
BRDA:50,1,1,0
BRDA:101,2,0,0
BRDA:101,2,1,0
BRDA:102,3,0,0
BRDA:102,3,1,0
BRF:8
BRH:0
end_of_record
TN:
SF:src/lib/categories/index.ts
FN:3,(anonymous_0)
FN:4,(anonymous_1)
FN:5,(anonymous_2)
FN:6,(anonymous_3)
FN:7,(anonymous_4)
FN:8,(anonymous_5)
FN:13,(anonymous_6)
FN:14,(anonymous_7)
FN:15,(anonymous_8)
FN:16,(anonymous_9)
FN:17,(anonymous_10)
FN:18,(anonymous_11)
FN:19,(anonymous_12)
FN:24,(anonymous_13)
FN:25,(anonymous_14)
FN:30,(anonymous_15)
FN:31,(anonymous_16)
FN:37,(anonymous_17)
FN:38,(anonymous_18)
FN:44,(anonymous_19)
FN:45,(anonymous_20)
FN:46,(anonymous_21)
FN:47,(anonymous_22)
FNF:23
FNH:0
FNDA:0,(anonymous_0)
FNDA:0,(anonymous_1)
FNDA:0,(anonymous_2)
FNDA:0,(anonymous_3)
FNDA:0,(anonymous_4)
FNDA:0,(anonymous_5)
FNDA:0,(anonymous_6)
FNDA:0,(anonymous_7)
FNDA:0,(anonymous_8)
FNDA:0,(anonymous_9)
FNDA:0,(anonymous_10)
FNDA:0,(anonymous_11)
FNDA:0,(anonymous_12)
FNDA:0,(anonymous_13)
FNDA:0,(anonymous_14)
FNDA:0,(anonymous_15)
FNDA:0,(anonymous_16)
FNDA:0,(anonymous_17)
FNDA:0,(anonymous_18)
FNDA:0,(anonymous_19)
FNDA:0,(anonymous_20)
FNDA:0,(anonymous_21)
FNDA:0,(anonymous_22)
DA:1,1
DA:3,1
DA:4,1
DA:5,1
DA:6,1
DA:7,1
DA:8,1
DA:11,1
DA:13,1
DA:14,1
DA:15,1
DA:16,1
DA:17,1
DA:18,1
DA:19,1
DA:23,1
DA:24,1
DA:25,1
DA:29,1
DA:30,1
DA:31,1
DA:35,1
DA:37,1
DA:38,1
DA:42,1
DA:44,1
DA:45,1
DA:46,1
DA:47,1
LF:29
LH:29
BRF:0
BRH:0
end_of_record
TN:
SF:src/lib/categories/manager-redistribution.ts
FNF:0
FNH:0
DA:31,1
DA:145,1
LF:2
LH:2
BRF:0
BRH:0
end_of_record
TN:
SF:src/lib/categories/onet-category-mapping.ts
FN:145,isValidOnetSocCode
FN:169,getCategory
FN:220,getCategorySafe
FN:231,isCategoryId
FNF:4
FNH:0
FNDA:0,isValidOnetSocCode
FNDA:0,getCategory
FNDA:0,getCategorySafe
FNDA:0,isCategoryId
DA:18,1
DA:19,1
DA:50,1
DA:84,1
DA:113,1
DA:143,1
DA:145,1
DA:146,0
DA:169,1
DA:170,0
DA:171,0
DA:177,0
DA:178,0
DA:179,0
DA:182,0
DA:183,0
DA:187,0
DA:188,0
DA:189,0
DA:190,0
DA:193,0
DA:197,0
DA:198,0
DA:199,0
DA:201,0
DA:204,0
DA:205,0
DA:209,0
DA:210,0
DA:211,0
DA:214,0
DA:220,1
DA:221,0
DA:222,0
DA:224,0
DA:231,1
DA:232,0
LF:37
LH:10
BRDA:170,0,0,0
BRDA:170,0,1,0
BRDA:178,1,0,0
BRDA:178,1,1,0
BRDA:187,2,0,0
BRDA:187,2,1,0
BRDA:189,3,0,0
BRDA:189,3,1,0
BRDA:197,4,0,0
BRDA:197,4,1,0
BRDA:198,5,0,0
BRDA:198,5,1,0
BRDA:198,6,0,0
BRDA:198,6,1,0
BRDA:204,7,0,0
BRDA:204,7,1,0
BRDA:210,8,0,0
BRDA:210,8,1,0
BRF:18
BRH:0
end_of_record
TN:
SF:src/lib/compass/embedding-service.ts
FN:39,getOpenAIClient
FN:59,generateEmbedding
FN:80,generateBatchEmbeddings
FN:93,(anonymous_4)
FN:102,buildTaskText
FN:112,(anonymous_6)
FN:120,(anonymous_7)
FN:132,buildNarrativeText
FN:146,(anonymous_9)
FN:159,buildSkillsText
FN:182,buildCombinedText
FN:203,generateCareerEmbeddings
FN:232,generateQueryEmbeddings
FN:298,cosineSimilarity
FN:326,calculateWeightedSimilarity
FN:346,estimateEmbeddingCost
FNF:16
FNH:0
FNDA:0,getOpenAIClient
FNDA:0,generateEmbedding
FNDA:0,generateBatchEmbeddings
FNDA:0,(anonymous_4)
FNDA:0,buildTaskText
FNDA:0,(anonymous_6)
FNDA:0,(anonymous_7)
FNDA:0,buildNarrativeText
FNDA:0,(anonymous_9)
FNDA:0,buildSkillsText
FNDA:0,buildCombinedText
FNDA:0,generateCareerEmbeddings
FNDA:0,generateQueryEmbeddings
FNDA:0,cosineSimilarity
FNDA:0,calculateWeightedSimilarity
FNDA:0,estimateEmbeddingCost
DA:7,0
DA:34,0
DA:40,0
DA:41,0
DA:44,0
DA:46,0
DA:47,0
DA:52,0
DA:53,0
DA:59,0
DA:63,0
DA:65,0
DA:71,0
DA:80,0
DA:84,0
DA:86,0
DA:92,0
DA:93,0
DA:103,0
DA:106,0
DA:107,0
DA:110,0
DA:111,0
DA:112,0
DA:113,0
DA:118,0
DA:119,0
DA:120,0
DA:121,0
DA:125,0
DA:133,0
DA:135,0
DA:138,0
DA:139,0
DA:140,0
DA:143,0
DA:144,0
DA:145,0
DA:146,0
DA:147,0
DA:152,0
DA:160,0
DA:162,0
DA:165,0
DA:166,0
DA:167,0
DA:171,0
DA:172,0
DA:173,0
DA:176,0
DA:183,0
DA:185,0
DA:188,0
DA:189,0
DA:193,0
DA:194,0
DA:197,0
DA:203,0
DA:207,0
DA:208,0
DA:209,0
DA:210,0
DA:213,0
DA:220,0
DA:232,0
DA:249,0
DA:257,0
DA:265,0
DA:270,0
DA:279,0
DA:286,0
DA:298,0
DA:299,0
DA:300,0
DA:303,0
DA:304,0
DA:305,0
DA:307,0
DA:308,0
DA:309,0
DA:310,0
DA:313,0
DA:314,0
DA:316,0
DA:317,0
DA:320,0
DA:326,0
DA:331,0
DA:332,0
DA:333,0
DA:335,0
DA:346,0
DA:347,0
LF:93
LH:0
BRDA:40,0,0,0
BRDA:40,0,1,0
BRDA:46,1,0,0
BRDA:46,1,1,0
BRDA:61,2,0,0
BRDA:82,3,0,0
BRDA:110,4,0,0
BRDA:110,4,1,0
BRDA:118,5,0,0
BRDA:118,5,1,0
BRDA:118,6,0,0
BRDA:118,6,1,0
BRDA:138,7,0,0
BRDA:138,7,1,0
BRDA:144,8,0,0
BRDA:144,8,1,0
BRDA:165,9,0,0
BRDA:165,9,1,0
BRDA:171,10,0,0
BRDA:171,10,1,0
BRDA:188,11,0,0
BRDA:188,11,1,0
BRDA:193,12,0,0
BRDA:193,12,1,0
BRDA:252,13,0,0
BRDA:252,13,1,0
BRDA:265,14,0,0
BRDA:265,14,1,0
BRDA:273,15,0,0
BRDA:273,15,1,0
BRDA:299,16,0,0
BRDA:299,16,1,0
BRDA:316,17,0,0
BRDA:316,17,1,0
BRDA:316,18,0,0
BRDA:316,18,1,0
BRDA:329,19,0,0
BRF:37
BRH:0
end_of_record
TN:
SF:src/lib/compass/index.ts
FN:8,(anonymous_0)
FN:12,(anonymous_1)
FN:13,(anonymous_2)
FN:14,(anonymous_3)
FN:15,(anonymous_4)
FN:16,(anonymous_5)
FN:17,(anonymous_6)
FN:18,(anonymous_7)
FN:23,(anonymous_8)
FN:32,(anonymous_9)
FN:33,(anonymous_10)
FN:34,(anonymous_11)
FN:35,(anonymous_12)
FN:36,(anonymous_13)
FN:37,(anonymous_14)
FN:38,(anonymous_15)
FN:39,(anonymous_16)
FN:40,(anonymous_17)
FN:41,(anonymous_18)
FN:42,(anonymous_19)
FN:43,(anonymous_20)
FNF:21
FNH:0
FNDA:0,(anonymous_0)
FNDA:0,(anonymous_1)
FNDA:0,(anonymous_2)
FNDA:0,(anonymous_3)
FNDA:0,(anonymous_4)
FNDA:0,(anonymous_5)
FNDA:0,(anonymous_6)
FNDA:0,(anonymous_7)
FNDA:0,(anonymous_8)
FNDA:0,(anonymous_9)
FNDA:0,(anonymous_10)
FNDA:0,(anonymous_11)
FNDA:0,(anonymous_12)
FNDA:0,(anonymous_13)
FNDA:0,(anonymous_14)
FNDA:0,(anonymous_15)
FNDA:0,(anonymous_16)
FNDA:0,(anonymous_17)
FNDA:0,(anonymous_18)
FNDA:0,(anonymous_19)
FNDA:0,(anonymous_20)
DA:8,0
DA:11,0
DA:12,0
DA:13,0
DA:14,0
DA:15,0
DA:16,0
DA:17,0
DA:18,0
DA:22,0
DA:23,0
DA:31,0
DA:32,0
DA:33,0
DA:34,0
DA:35,0
DA:36,0
DA:37,0
DA:38,0
DA:39,0
DA:40,0
DA:41,0
DA:42,0
DA:43,0
LF:24
LH:0
BRF:0
BRH:0
end_of_record
TN:
SF:src/lib/compass/matching-engine.ts
FN:100,getAnthropicClient
FN:112,loadCareersData
FN:124,loadCareerDWAs
FN:136,(anonymous_13)
FN:142,(anonymous_14)
FN:192,(anonymous_16)
FN:215,stage1EmbeddingSimilarity
FN:224,(anonymous_18)
FN:227,(anonymous_19)
FN:260,(anonymous_20)
FN:307,(anonymous_21)
FN:316,stage2StructuredMatching
FN:323,(anonymous_23)
FN:337,(anonymous_24)
FN:344,(anonymous_25)
FN:346,(anonymous_26)
FN:347,(anonymous_27)
FN:349,(anonymous_28)
FN:396,(anonymous_29)
FN:404,calculateEducationFit
FN:448,stage3LLMReasoning
FN:485,(anonymous_32)
FN:487,(anonymous_33)
FN:624,buildReasoningPrompt
FN:646,(anonymous_35)
FN:648,(anonymous_36)
FN:661,(anonymous_37)
FN:663,(anonymous_38)
FN:685,(anonymous_39)
FN:754,stage3HaikuReasoning
FN:777,(anonymous_41)
FN:788,(anonymous_42)
FN:807,(anonymous_43)
FN:842,(anonymous_44)
FN:844,(anonymous_45)
FN:861,matchCareers
FNF:36
FNH:0
FNDA:0,getAnthropicClient
FNDA:0,loadCareersData
FNDA:0,loadCareerDWAs
FNDA:0,(anonymous_13)
FNDA:0,(anonymous_14)
FNDA:0,(anonymous_16)
FNDA:0,stage1EmbeddingSimilarity
FNDA:0,(anonymous_18)
FNDA:0,(anonymous_19)
FNDA:0,(anonymous_20)
FNDA:0,(anonymous_21)
FNDA:0,stage2StructuredMatching
FNDA:0,(anonymous_23)
FNDA:0,(anonymous_24)
FNDA:0,(anonymous_25)
FNDA:0,(anonymous_26)
FNDA:0,(anonymous_27)
FNDA:0,(anonymous_28)
FNDA:0,(anonymous_29)
FNDA:0,calculateEducationFit
FNDA:0,stage3LLMReasoning
FNDA:0,(anonymous_32)
FNDA:0,(anonymous_33)
FNDA:0,buildReasoningPrompt
FNDA:0,(anonymous_35)
FNDA:0,(anonymous_36)
FNDA:0,(anonymous_37)
FNDA:0,(anonymous_38)
FNDA:0,(anonymous_39)
FNDA:0,stage3HaikuReasoning
FNDA:0,(anonymous_41)
FNDA:0,(anonymous_42)
FNDA:0,(anonymous_43)
FNDA:0,(anonymous_44)
FNDA:0,(anonymous_45)
FNDA:0,matchCareers
DA:10,0
DA:12,0
DA:17,0
DA:18,0
DA:19,0
DA:98,0
DA:101,0
DA:102,0
DA:103,0
DA:104,0
DA:105,0
DA:109,0
DA:110,0
DA:113,0
DA:115,0
DA:116,0
DA:117,0
DA:120,0
DA:121,0
DA:125,0
DA:127,0
DA:128,0
DA:129,0
DA:130,0
DA:131,0
DA:134,0
DA:135,0
DA:136,0
DA:137,0
DA:141,0
DA:142,0
DA:143,0
DA:144,0
DA:148,0
DA:162,0
DA:163,0
DA:166,0
DA:174,0
DA:182,0
DA:189,0
DA:190,0
DA:192,0
DA:193,0
DA:196,0
DA:199,0
DA:202,0
DA:203,0
DA:207,0
DA:208,0
DA:220,0
DA:223,0
DA:224,0
DA:226,0
DA:227,0
DA:231,0
DA:248,0
DA:250,0
DA:251,0
DA:259,0
DA:260,0
DA:261,0
DA:264,0
DA:265,0
DA:267,0
DA:272,0
DA:273,0
DA:274,0
DA:277,0
DA:278,0
DA:280,0
DA:282,0
DA:283,0
DA:286,0
DA:295,0
DA:307,0
DA:308,0
DA:309,0
DA:320,0
DA:322,0
DA:323,0
DA:326,0
DA:327,0
DA:334,0
DA:337,0
DA:338,0
DA:339,0
DA:340,0
DA:344,0
DA:345,0
DA:346,0
DA:347,0
DA:349,0
DA:350,0
DA:351,0
DA:354,0
DA:360,0
DA:361,0
DA:362,0
DA:363,0
DA:364,0
DA:366,0
DA:371,0
DA:372,0
DA:373,0
DA:374,0
DA:375,0
DA:376,0
DA:377,0
DA:382,0
DA:388,0
DA:396,0
DA:397,0
DA:398,0
DA:405,0
DA:415,0
DA:418,0
DA:419,0
DA:420,0
DA:421,0
DA:422,0
DA:423,0
DA:424,0
DA:425,0
DA:426,0
DA:427,0
DA:428,0
DA:429,0
DA:430,0
DA:431,0
DA:432,0
DA:433,0
DA:437,0
DA:438,0
DA:439,0
DA:440,0
DA:441,0
DA:452,0
DA:454,0
DA:457,0
DA:459,0
DA:470,0
DA:471,0
DA:472,0
DA:475,0
DA:476,0
DA:477,0
DA:478,0
DA:481,0
DA:484,0
DA:485,0
DA:487,0
DA:493,0
DA:494,0
DA:498,0
DA:575,0
DA:584,0
DA:592,0
DA:606,0
DA:615,0
DA:628,0
DA:629,0
DA:632,0
DA:635,0
DA:636,0
DA:637,0
DA:640,0
DA:641,0
DA:642,0
DA:645,0
DA:646,0
DA:647,0
DA:648,0
DA:649,0
DA:651,0
DA:655,0
DA:656,0
DA:657,0
DA:660,0
DA:661,0
DA:662,0
DA:663,0
DA:664,0
DA:668,0
DA:669,0
DA:670,0
DA:671,0
DA:675,0
DA:676,0
DA:677,0
DA:678,0
DA:679,0
DA:680,0
DA:683,0
DA:685,0
DA:686,0
DA:687,0
DA:689,0
DA:690,0
DA:691,0
DA:692,0
DA:693,0
DA:694,0
DA:695,0
DA:696,0
DA:697,0
DA:700,0
DA:702,0
DA:709,0
DA:758,0
DA:760,0
DA:761,0
DA:764,0
DA:767,0
DA:770,0
DA:773,0
DA:776,0
DA:777,0
DA:778,0
DA:780,0
DA:784,0
DA:787,0
DA:788,0
DA:789,0
DA:793,0
DA:794,0
DA:796,0
DA:799,0
DA:800,0
DA:801,0
DA:802,0
DA:805,0
DA:807,0
DA:808,0
DA:809,0
DA:811,0
DA:812,0
DA:813,0
DA:816,0
DA:818,0
DA:828,0
DA:829,0
DA:830,0
DA:833,0
DA:834,0
DA:835,0
DA:836,0
DA:839,0
DA:841,0
DA:842,0
DA:844,0
DA:849,0
DA:850,0
DA:861,0
DA:869,0
DA:870,0
DA:872,0
DA:873,0
DA:875,0
DA:878,0
DA:879,0
DA:882,0
DA:883,0
DA:888,0
DA:889,0
DA:892,0
DA:893,0
DA:894,0
DA:897,0
DA:900,0
DA:902,0
DA:903,0
DA:906,0
DA:907,0
DA:910,0
DA:912,0
DA:914,0
DA:916,0
LF:277
LH:0
BRDA:101,0,0,0
BRDA:101,0,1,0
BRDA:103,1,0,0
BRDA:103,1,1,0
BRDA:113,2,0,0
BRDA:113,2,1,0
BRDA:116,3,0,0
BRDA:116,3,1,0
BRDA:125,4,0,0
BRDA:125,4,1,0
BRDA:128,5,0,0
BRDA:128,5,1,0
BRDA:137,6,0,0
BRDA:137,6,1,0
BRDA:137,7,0,0
BRDA:137,7,1,0
BRDA:137,8,0,0
BRDA:137,8,1,0
BRDA:143,9,0,0
BRDA:143,9,1,0
BRDA:190,10,0,0
BRDA:190,10,1,0
BRDA:193,11,0,0
BRDA:193,11,1,0
BRDA:196,12,0,0
BRDA:196,12,1,0
BRDA:196,13,0,0
BRDA:196,13,1,0
BRDA:202,14,0,0
BRDA:202,14,1,0
BRDA:217,15,0,0
BRDA:218,16,0,0
BRDA:224,17,0,0
BRDA:224,17,1,0
BRDA:227,18,0,0
BRDA:227,18,1,0
BRDA:240,19,0,0
BRDA:240,19,1,0
BRDA:240,19,2,0
BRDA:241,20,0,0
BRDA:241,20,1,0
BRDA:242,21,0,0
BRDA:242,21,1,0
BRDA:243,22,0,0
BRDA:243,22,1,0
BRDA:244,23,0,0
BRDA:244,23,1,0
BRDA:248,24,0,0
BRDA:248,24,1,0
BRDA:255,25,0,0
BRDA:255,25,1,0
BRDA:259,26,0,0
BRDA:259,26,1,0
BRDA:273,27,0,0
BRDA:273,27,1,0
BRDA:282,28,0,0
BRDA:282,28,1,0
BRDA:282,29,0,0
BRDA:282,29,1,0
BRDA:334,30,0,0
BRDA:334,30,1,0
BRDA:339,31,0,0
BRDA:339,31,1,0
BRDA:351,32,0,0
BRDA:351,32,1,0
BRDA:356,33,0,0
BRDA:356,33,1,0
BRDA:356,34,0,0
BRDA:356,34,1,0
BRDA:356,35,0,0
BRDA:356,35,1,0
BRDA:361,36,0,0
BRDA:361,36,1,0
BRDA:361,37,0,0
BRDA:361,37,1,0
BRDA:361,38,0,0
BRDA:361,38,1,0
BRDA:361,39,0,0
BRDA:361,39,1,0
BRDA:361,40,0,0
BRDA:361,40,1,0
BRDA:361,41,0,0
BRDA:361,41,1,0
BRDA:363,42,0,0
BRDA:363,42,1,0
BRDA:372,43,0,0
BRDA:372,43,1,0
BRDA:374,44,0,0
BRDA:374,44,1,0
BRDA:376,45,0,0
BRDA:376,45,1,0
BRDA:396,46,0,0
BRDA:396,46,1,0
BRDA:396,47,0,0
BRDA:396,47,1,0
BRDA:415,48,0,0
BRDA:415,48,1,0
BRDA:420,49,0,0
BRDA:420,49,1,0
BRDA:420,50,0,0
BRDA:420,50,1,0
BRDA:422,51,0,0
BRDA:422,51,1,0
BRDA:422,52,0,0
BRDA:422,52,1,0
BRDA:424,53,0,0
BRDA:424,53,1,0
BRDA:426,54,0,0
BRDA:426,54,1,0
BRDA:428,55,0,0
BRDA:428,55,1,0
BRDA:430,56,0,0
BRDA:430,56,1,0
BRDA:430,57,0,0
BRDA:430,57,1,0
BRDA:432,58,0,0
BRDA:432,58,1,0
BRDA:432,59,0,0
BRDA:432,59,1,0
BRDA:438,60,0,0
BRDA:438,60,1,0
BRDA:439,61,0,0
BRDA:439,61,1,0
BRDA:440,62,0,0
BRDA:440,62,1,0
BRDA:471,63,0,0
BRDA:471,63,1,0
BRDA:477,64,0,0
BRDA:477,64,1,0
BRDA:490,65,0,0
BRDA:490,65,1,0
BRDA:636,66,0,0
BRDA:636,66,1,0
BRDA:641,67,0,0
BRDA:641,67,1,0
BRDA:645,68,0,0
BRDA:645,68,1,0
BRDA:645,69,0,0
BRDA:645,69,1,0
BRDA:646,70,0,0
BRDA:646,70,1,0
BRDA:656,71,0,0
BRDA:656,71,1,0
BRDA:660,72,0,0
BRDA:660,72,1,0
BRDA:660,73,0,0
BRDA:660,73,1,0
BRDA:661,74,0,0
BRDA:661,74,1,0
BRDA:668,75,0,0
BRDA:668,75,1,0
BRDA:668,76,0,0
BRDA:668,76,1,0
BRDA:676,77,0,0
BRDA:676,77,1,0
BRDA:678,78,0,0
BRDA:678,78,1,0
BRDA:679,79,0,0
BRDA:679,79,1,0
BRDA:680,80,0,0
BRDA:680,80,1,0
BRDA:687,81,0,0
BRDA:687,81,1,0
BRDA:692,82,0,0
BRDA:692,82,1,0
BRDA:692,83,0,0
BRDA:692,83,1,0
BRDA:692,84,0,0
BRDA:692,84,1,0
BRDA:692,85,0,0
BRDA:692,85,1,0
BRDA:692,86,0,0
BRDA:692,86,1,0
BRDA:693,87,0,0
BRDA:693,87,1,0
BRDA:694,88,0,0
BRDA:694,88,1,0
BRDA:694,89,0,0
BRDA:694,89,1,0
BRDA:694,90,0,0
BRDA:694,90,1,0
BRDA:770,91,0,0
BRDA:770,91,1,0
BRDA:773,92,0,0
BRDA:773,92,1,0
BRDA:776,93,0,0
BRDA:776,93,1,0
BRDA:776,94,0,0
BRDA:776,94,1,0
BRDA:777,95,0,0
BRDA:777,95,1,0
BRDA:784,96,0,0
BRDA:784,96,1,0
BRDA:787,97,0,0
BRDA:787,97,1,0
BRDA:787,98,0,0
BRDA:787,98,1,0
BRDA:788,99,0,0
BRDA:788,99,1,0
BRDA:793,100,0,0
BRDA:793,100,1,0
BRDA:793,101,0,0
BRDA:793,101,1,0
BRDA:799,102,0,0
BRDA:799,102,1,0
BRDA:809,103,0,0
BRDA:809,103,1,0
BRDA:812,104,0,0
BRDA:812,104,1,0
BRDA:812,105,0,0
BRDA:812,105,1,0
BRDA:812,106,0,0
BRDA:812,106,1,0
BRDA:812,107,0,0
BRDA:812,107,1,0
BRDA:812,108,0,0
BRDA:812,108,1,0
BRDA:813,109,0,0
BRDA:813,109,1,0
BRDA:813,110,0,0
BRDA:813,110,1,0
BRDA:813,111,0,0
BRDA:813,111,1,0
BRDA:813,112,0,0
BRDA:813,112,1,0
BRDA:829,113,0,0
BRDA:829,113,1,0
BRDA:835,114,0,0
BRDA:835,114,1,0
BRDA:846,115,0,0
BRDA:846,115,1,0
BRDA:863,116,0,0
BRDA:872,117,0,0
BRDA:872,117,1,0
BRDA:873,118,0,0
BRDA:873,118,1,0
BRDA:873,118,2,0
BRDA:878,119,0,0
BRDA:878,119,1,0
BRDA:885,120,0,0
BRDA:885,120,1,0
BRDA:885,121,0,0
BRDA:885,121,1,0
BRDA:900,122,0,0
BRDA:900,122,1,0
BRF:245
BRH:0
end_of_record
TN:
SF:src/lib/compass/resume-parser.ts
FN:50,getAnthropicClient
FN:70,normalizeEducationLevel
FN:105,validateParsedResume
FN:162,parseResumeWithLLM
FN:223,estimateParsingCost
FN:230,extractKeyPhrases
FN:250,(anonymous_7)
FNF:7
FNH:0
FNDA:0,getAnthropicClient
FNDA:0,normalizeEducationLevel
FNDA:0,validateParsedResume
FNDA:0,parseResumeWithLLM
FNDA:0,estimateParsingCost
FNDA:0,extractKeyPhrases
FNDA:0,(anonymous_7)
DA:7,0
DA:45,0
DA:51,0
DA:52,0
DA:55,0
DA:57,0
DA:58,0
DA:63,0
DA:64,0
DA:71,0
DA:73,0
DA:75,0
DA:76,0
DA:78,0
DA:80,0
DA:82,0
DA:84,0
DA:86,0
DA:88,0
DA:90,0
DA:92,0
DA:94,0
DA:96,0
DA:99,0
DA:106,0
DA:126,0
DA:162,0
DA:163,0
DA:166,0
DA:167,0
DA:171,0
DA:173,0
DA:174,0
DA:188,0
DA:189,0
DA:190,0
DA:195,0
DA:197,0
DA:198,0
DA:199,0
DA:201,0
DA:204,0
DA:205,0
DA:209,0
DA:211,0
DA:212,0
DA:213,0
DA:215,0
DA:223,0
DA:224,0
DA:230,0
DA:232,0
DA:235,0
DA:248,0
DA:249,0
DA:250,0
DA:253,0
LF:57
LH:0
BRDA:51,0,0,0
BRDA:51,0,1,0
BRDA:57,1,0,0
BRDA:57,1,1,0
BRDA:71,2,0,0
BRDA:71,2,1,0
BRDA:75,3,0,0
BRDA:75,3,1,0
BRDA:75,4,0,0
BRDA:75,4,1,0
BRDA:75,4,2,0
BRDA:78,5,0,0
BRDA:78,5,1,0
BRDA:78,6,0,0
BRDA:78,6,1,0
BRDA:78,6,2,0
BRDA:78,6,3,0
BRDA:78,6,4,0
BRDA:82,7,0,0
BRDA:82,7,1,0
BRDA:82,8,0,0
BRDA:82,8,1,0
BRDA:82,8,2,0
BRDA:82,8,3,0
BRDA:82,8,4,0
BRDA:82,8,5,0
BRDA:86,9,0,0
BRDA:86,9,1,0
BRDA:86,10,0,0
BRDA:86,10,1,0
BRDA:86,10,2,0
BRDA:86,10,3,0
BRDA:86,10,4,0
BRDA:86,10,5,0
BRDA:90,11,0,0
BRDA:90,11,1,0
BRDA:90,12,0,0
BRDA:90,12,1,0
BRDA:90,12,2,0
BRDA:90,12,3,0
BRDA:90,12,4,0
BRDA:94,13,0,0
BRDA:94,13,1,0
BRDA:94,14,0,0
BRDA:94,14,1,0
BRDA:94,14,2,0
BRDA:94,14,3,0
BRDA:107,15,0,0
BRDA:107,15,1,0
BRDA:108,16,0,0
BRDA:108,16,1,0
BRDA:110,17,0,0
BRDA:110,17,1,0
BRDA:110,18,0,0
BRDA:110,18,1,0
BRDA:111,19,0,0
BRDA:111,19,1,0
BRDA:111,20,0,0
BRDA:111,20,1,0
BRDA:111,21,0,0
BRDA:111,21,1,0
BRDA:113,22,0,0
BRDA:113,22,1,0
BRDA:114,23,0,0
BRDA:114,23,1,0
BRDA:117,24,0,0
BRDA:117,24,1,0
BRDA:166,25,0,0
BRDA:166,25,1,0
BRDA:166,26,0,0
BRDA:166,26,1,0
BRDA:189,27,0,0
BRDA:189,27,1,0
BRDA:198,28,0,0
BRDA:198,28,1,0
BRDA:211,29,0,0
BRDA:211,29,1,0
BRDA:249,30,0,0
BRDA:249,30,1,0
BRF:79
BRH:0
end_of_record
TN:
SF:src/lib/compass/supabase.ts
FN:68,getSupabaseClient
FN:90,upsertCareerEmbedding
FN:107,batchUpsertCareerEmbeddings
FN:130,upsertDWAEmbedding
FN:147,batchUpsertDWAEmbeddings
FN:169,findSimilarCareers
FN:210,findSimilarDWAs
FN:231,getCareerEmbedding
FN:253,getCareerEmbeddingsCount
FN:270,cacheUserProfileEmbedding
FN:298,getCachedUserProfileEmbedding
FN:325,cleanupExpiredCache
FNF:12
FNH:0
FNDA:0,getSupabaseClient
FNDA:0,upsertCareerEmbedding
FNDA:0,batchUpsertCareerEmbeddings
FNDA:0,upsertDWAEmbedding
FNDA:0,batchUpsertDWAEmbeddings
FNDA:0,findSimilarCareers
FNDA:0,findSimilarDWAs
FNDA:0,getCareerEmbedding
FNDA:0,getCareerEmbeddingsCount
FNDA:0,cacheUserProfileEmbedding
FNDA:0,getCachedUserProfileEmbedding
FNDA:0,cleanupExpiredCache
DA:7,0
DA:63,0
DA:68,0
DA:69,0
DA:70,0
DA:73,0
DA:74,0
DA:76,0
DA:77,0
DA:83,0
DA:84,0
DA:90,0
DA:93,0
DA:95,0
DA:99,0
DA:100,0
DA:107,0
DA:110,0
DA:113,0
DA:114,0
DA:115,0
DA:117,0
DA:121,0
DA:122,0
DA:130,0
DA:133,0
DA:135,0
DA:139,0
DA:140,0
DA:147,0
DA:150,0
DA:152,0
DA:153,0
DA:154,0
DA:156,0
DA:160,0
DA:161,0
DA:169,0
DA:180,0
DA:187,0
DA:190,0
DA:200,0
DA:201,0
DA:204,0
DA:210,0
DA:214,0
DA:216,0
DA:221,0
DA:222,0
DA:225,0
DA:231,0
DA:232,0
DA:234,0
DA:240,0
DA:241,0
DA:242,0
DA:244,0
DA:247,0
DA:253,0
DA:254,0
DA:256,0
DA:260,0
DA:261,0
DA:264,0
DA:270,0
DA:277,0
DA:279,0
DA:289,0
DA:291,0
DA:298,0
DA:301,0
DA:303,0
DA:310,0
DA:311,0
DA:312,0
DA:315,0
DA:316,0
DA:319,0
DA:325,0
DA:326,0
DA:328,0
DA:330,0
DA:331,0
DA:332,0
DA:335,0
LF:85
LH:0
BRDA:69,0,0,0
BRDA:69,0,1,0
BRDA:74,1,0,0
BRDA:74,1,1,0
BRDA:76,2,0,0
BRDA:76,2,1,0
BRDA:76,3,0,0
BRDA:76,3,1,0
BRDA:99,4,0,0
BRDA:99,4,1,0
BRDA:121,5,0,0
BRDA:121,5,1,0
BRDA:139,6,0,0
BRDA:139,6,1,0
BRDA:160,7,0,0
BRDA:160,7,1,0
BRDA:173,8,0,0
BRDA:183,9,0,0
BRDA:184,10,0,0
BRDA:185,11,0,0
BRDA:186,12,0,0
BRDA:200,13,0,0
BRDA:200,13,1,0
BRDA:212,14,0,0
BRDA:221,15,0,0
BRDA:221,15,1,0
BRDA:240,16,0,0
BRDA:240,16,1,0
BRDA:241,17,0,0
BRDA:241,17,1,0
BRDA:260,18,0,0
BRDA:260,18,1,0
BRDA:264,19,0,0
BRDA:264,19,1,0
BRDA:289,20,0,0
BRDA:289,20,1,0
BRDA:310,21,0,0
BRDA:310,21,1,0
BRDA:311,22,0,0
BRDA:311,22,1,0
BRDA:330,23,0,0
BRDA:330,23,1,0
BRF:42
BRH:0
end_of_record
